Determining if the include file xlocale.h exists failed with the following output:
Change Dir: /home/qba/git/afb-libafb/tis/build/json-c/CMakeFiles/CMakeTmp

Run Build Command(s):/usr/bin/make -f Makefile cmTC_965dc/fast && /usr/bin/make  -f CMakeFiles/cmTC_965dc.dir/build.make CMakeFiles/cmTC_965dc.dir/build
make[1]: Entering directory '/home/qba/git/afb-libafb/tis/build/json-c/CMakeFiles/CMakeTmp'
Building C object CMakeFiles/cmTC_965dc.dir/CheckIncludeFile.c.o
/usr/bin/cc -D_GNU_SOURCE  -fPIE -o CMakeFiles/cmTC_965dc.dir/CheckIncludeFile.c.o -c /home/qba/git/afb-libafb/tis/build/json-c/CMakeFiles/CMakeTmp/CheckIncludeFile.c
/home/qba/git/afb-libafb/tis/build/json-c/CMakeFiles/CMakeTmp/CheckIncludeFile.c:1:10: fatal error: xlocale.h: No such file or directory
 #include <xlocale.h>
          ^~~~~~~~~~~
compilation terminated.
CMakeFiles/cmTC_965dc.dir/build.make:77: recipe for target 'CMakeFiles/cmTC_965dc.dir/CheckIncludeFile.c.o' failed
make[1]: *** [CMakeFiles/cmTC_965dc.dir/CheckIncludeFile.c.o] Error 1
make[1]: Leaving directory '/home/qba/git/afb-libafb/tis/build/json-c/CMakeFiles/CMakeTmp'
Makefile:127: recipe for target 'cmTC_965dc/fast' failed
make: *** [cmTC_965dc/fast] Error 2



Determining if the _isnan exist failed with the following output:
Change Dir: /home/qba/git/afb-libafb/tis/build/json-c/CMakeFiles/CMakeTmp

Run Build Command(s):/usr/bin/make -f Makefile cmTC_953df/fast && /usr/bin/make  -f CMakeFiles/cmTC_953df.dir/build.make CMakeFiles/cmTC_953df.dir/build
make[1]: Entering directory '/home/qba/git/afb-libafb/tis/build/json-c/CMakeFiles/CMakeTmp'
Building C object CMakeFiles/cmTC_953df.dir/CheckSymbolExists.c.o
/usr/bin/cc -D_GNU_SOURCE  -fPIE -o CMakeFiles/cmTC_953df.dir/CheckSymbolExists.c.o -c /home/qba/git/afb-libafb/tis/build/json-c/CMakeFiles/CMakeTmp/CheckSymbolExists.c
/home/qba/git/afb-libafb/tis/build/json-c/CMakeFiles/CMakeTmp/CheckSymbolExists.c: In function ‘main’:
/home/qba/git/afb-libafb/tis/build/json-c/CMakeFiles/CMakeTmp/CheckSymbolExists.c:8:19: error: ‘_isnan’ undeclared (first use in this function)
   return ((int*)(&_isnan))[argc];
                   ^~~~~~
/home/qba/git/afb-libafb/tis/build/json-c/CMakeFiles/CMakeTmp/CheckSymbolExists.c:8:19: note: each undeclared identifier is reported only once for each function it appears in
CMakeFiles/cmTC_953df.dir/build.make:77: recipe for target 'CMakeFiles/cmTC_953df.dir/CheckSymbolExists.c.o' failed
make[1]: *** [CMakeFiles/cmTC_953df.dir/CheckSymbolExists.c.o] Error 1
make[1]: Leaving directory '/home/qba/git/afb-libafb/tis/build/json-c/CMakeFiles/CMakeTmp'
Makefile:127: recipe for target 'cmTC_953df/fast' failed
make: *** [cmTC_953df/fast] Error 2


File /home/qba/git/afb-libafb/tis/build/json-c/CMakeFiles/CMakeTmp/CheckSymbolExists.c:
/* */
#include <float.h>

int main(int argc, char** argv)
{
  (void)argv;
#ifndef _isnan
  return ((int*)(&_isnan))[argc];
#else
  (void)argc;
  return 0;
#endif
}
Determining if the _finite exist failed with the following output:
Change Dir: /home/qba/git/afb-libafb/tis/build/json-c/CMakeFiles/CMakeTmp

Run Build Command(s):/usr/bin/make -f Makefile cmTC_5ef7c/fast && /usr/bin/make  -f CMakeFiles/cmTC_5ef7c.dir/build.make CMakeFiles/cmTC_5ef7c.dir/build
make[1]: Entering directory '/home/qba/git/afb-libafb/tis/build/json-c/CMakeFiles/CMakeTmp'
Building C object CMakeFiles/cmTC_5ef7c.dir/CheckSymbolExists.c.o
/usr/bin/cc -D_GNU_SOURCE  -fPIE -o CMakeFiles/cmTC_5ef7c.dir/CheckSymbolExists.c.o -c /home/qba/git/afb-libafb/tis/build/json-c/CMakeFiles/CMakeTmp/CheckSymbolExists.c
/home/qba/git/afb-libafb/tis/build/json-c/CMakeFiles/CMakeTmp/CheckSymbolExists.c: In function ‘main’:
/home/qba/git/afb-libafb/tis/build/json-c/CMakeFiles/CMakeTmp/CheckSymbolExists.c:8:19: error: ‘_finite’ undeclared (first use in this function)
   return ((int*)(&_finite))[argc];
                   ^~~~~~~
/home/qba/git/afb-libafb/tis/build/json-c/CMakeFiles/CMakeTmp/CheckSymbolExists.c:8:19: note: each undeclared identifier is reported only once for each function it appears in
CMakeFiles/cmTC_5ef7c.dir/build.make:77: recipe for target 'CMakeFiles/cmTC_5ef7c.dir/CheckSymbolExists.c.o' failed
make[1]: *** [CMakeFiles/cmTC_5ef7c.dir/CheckSymbolExists.c.o] Error 1
make[1]: Leaving directory '/home/qba/git/afb-libafb/tis/build/json-c/CMakeFiles/CMakeTmp'
Makefile:127: recipe for target 'cmTC_5ef7c/fast' failed
make: *** [cmTC_5ef7c/fast] Error 2


File /home/qba/git/afb-libafb/tis/build/json-c/CMakeFiles/CMakeTmp/CheckSymbolExists.c:
/* */
#include <float.h>

int main(int argc, char** argv)
{
  (void)argv;
#ifndef _finite
  return ((int*)(&_finite))[argc];
#else
  (void)argc;
  return 0;
#endif
}
Determining if the _doprnt exist failed with the following output:
Change Dir: /home/qba/git/afb-libafb/tis/build/json-c/CMakeFiles/CMakeTmp

Run Build Command(s):/usr/bin/make -f Makefile cmTC_860f4/fast && /usr/bin/make  -f CMakeFiles/cmTC_860f4.dir/build.make CMakeFiles/cmTC_860f4.dir/build
make[1]: Entering directory '/home/qba/git/afb-libafb/tis/build/json-c/CMakeFiles/CMakeTmp'
Building C object CMakeFiles/cmTC_860f4.dir/CheckSymbolExists.c.o
/usr/bin/cc -D_GNU_SOURCE  -fPIE -o CMakeFiles/cmTC_860f4.dir/CheckSymbolExists.c.o -c /home/qba/git/afb-libafb/tis/build/json-c/CMakeFiles/CMakeTmp/CheckSymbolExists.c
/home/qba/git/afb-libafb/tis/build/json-c/CMakeFiles/CMakeTmp/CheckSymbolExists.c: In function ‘main’:
/home/qba/git/afb-libafb/tis/build/json-c/CMakeFiles/CMakeTmp/CheckSymbolExists.c:8:19: error: ‘_doprnt’ undeclared (first use in this function); did you mean ‘fdopen’?
   return ((int*)(&_doprnt))[argc];
                   ^~~~~~~
                   fdopen
/home/qba/git/afb-libafb/tis/build/json-c/CMakeFiles/CMakeTmp/CheckSymbolExists.c:8:19: note: each undeclared identifier is reported only once for each function it appears in
CMakeFiles/cmTC_860f4.dir/build.make:77: recipe for target 'CMakeFiles/cmTC_860f4.dir/CheckSymbolExists.c.o' failed
make[1]: *** [CMakeFiles/cmTC_860f4.dir/CheckSymbolExists.c.o] Error 1
make[1]: Leaving directory '/home/qba/git/afb-libafb/tis/build/json-c/CMakeFiles/CMakeTmp'
Makefile:127: recipe for target 'cmTC_860f4/fast' failed
make: *** [cmTC_860f4/fast] Error 2


File /home/qba/git/afb-libafb/tis/build/json-c/CMakeFiles/CMakeTmp/CheckSymbolExists.c:
/* */
#include <stdio.h>

int main(int argc, char** argv)
{
  (void)argv;
#ifndef _doprnt
  return ((int*)(&_doprnt))[argc];
#else
  (void)argc;
  return 0;
#endif
}
Performing C SOURCE FILE Test HAS_GNU_WARNING_LONG failed with the following output:
Change Dir: /home/qba/git/afb-libafb/tis/build/json-c/CMakeFiles/CMakeTmp

Run Build Command(s):/usr/bin/make -f Makefile cmTC_93720/fast && /usr/bin/make  -f CMakeFiles/cmTC_93720.dir/build.make CMakeFiles/cmTC_93720.dir/build
make[1]: Entering directory '/home/qba/git/afb-libafb/tis/build/json-c/CMakeFiles/CMakeTmp'
Building C object CMakeFiles/cmTC_93720.dir/src.c.o
/usr/bin/cc -DHAS_GNU_WARNING_LONG -D_GNU_SOURCE  -fPIE -o CMakeFiles/cmTC_93720.dir/src.c.o -c /home/qba/git/afb-libafb/tis/build/json-c/CMakeFiles/CMakeTmp/src.c
/home/qba/git/afb-libafb/tis/build/json-c/CMakeFiles/CMakeTmp/src.c:3:9: warning: missing terminating " character
 __asm__(".section .gnu.json_object_get
         ^
/home/qba/git/afb-libafb/tis/build/json-c/CMakeFiles/CMakeTmp/src.c:3:9: error: missing terminating " character
 __asm__(".section .gnu.json_object_get
         ^~~~~~~~~~~~~~~~~~~~~~~~~~~~~~
/home/qba/git/afb-libafb/tis/build/json-c/CMakeFiles/CMakeTmp/src.c:4:2: error: expected string literal before ‘.’ token
  .ascii "Please link against libjson-c instead of libjson"
  ^
/home/qba/git/afb-libafb/tis/build/json-c/CMakeFiles/CMakeTmp/src.c:5:7: warning: missing terminating " character
  .text");
       ^
/home/qba/git/afb-libafb/tis/build/json-c/CMakeFiles/CMakeTmp/src.c:5:7: error: missing terminating " character
  .text");
       ^~~
CMakeFiles/cmTC_93720.dir/build.make:77: recipe for target 'CMakeFiles/cmTC_93720.dir/src.c.o' failed
make[1]: *** [CMakeFiles/cmTC_93720.dir/src.c.o] Error 1
make[1]: Leaving directory '/home/qba/git/afb-libafb/tis/build/json-c/CMakeFiles/CMakeTmp'
Makefile:127: recipe for target 'cmTC_93720/fast' failed
make: *** [cmTC_93720/fast] Error 2


Source file was:

extern void json_object_get();
__asm__(".section .gnu.json_object_get
	.ascii "Please link against libjson-c instead of libjson"
	.text");
int main(int c, char *v) { return 0;}

