The system is: Linux - 5.4.0-72-generic - x86_64
Compiling the C compiler identification source file "CMakeCCompilerId.c" succeeded.
Compiler: /usr/bin/cc 
Build flags: 
Id flags:  

The output was:
0


Compilation of the C compiler identification source "CMakeCCompilerId.c" produced "a.out"

The C compiler identification is GNU, found in "/home/qba/git/afb-libafb/tis/build/check/CMakeFiles/3.20.1/CompilerIdC/a.out"

Detecting C compiler ABI info compiled with the following output:
Change Dir: /home/qba/git/afb-libafb/tis/build/check/CMakeFiles/CMakeTmp

Run Build Command(s):/usr/bin/make -f Makefile cmTC_76dbd/fast && /usr/bin/make  -f CMakeFiles/cmTC_76dbd.dir/build.make CMakeFiles/cmTC_76dbd.dir/build
make[1]: Entering directory '/home/qba/git/afb-libafb/tis/build/check/CMakeFiles/CMakeTmp'
Building C object CMakeFiles/cmTC_76dbd.dir/CMakeCCompilerABI.c.o
/usr/bin/cc   -v -o CMakeFiles/cmTC_76dbd.dir/CMakeCCompilerABI.c.o -c /usr/local/share/cmake-3.20/Modules/CMakeCCompilerABI.c
Using built-in specs.
COLLECT_GCC=/usr/bin/cc
OFFLOAD_TARGET_NAMES=nvptx-none
OFFLOAD_TARGET_DEFAULT=1
Target: x86_64-linux-gnu
Configured with: ../src/configure -v --with-pkgversion='Ubuntu 7.5.0-3ubuntu1~18.04' --with-bugurl=file:///usr/share/doc/gcc-7/README.Bugs --enable-languages=c,ada,c++,go,brig,d,fortran,objc,obj-c++ --prefix=/usr --with-gcc-major-version-only --program-suffix=-7 --program-prefix=x86_64-linux-gnu- --enable-shared --enable-linker-build-id --libexecdir=/usr/lib --without-included-gettext --enable-threads=posix --libdir=/usr/lib --enable-nls --enable-bootstrap --enable-clocale=gnu --enable-libstdcxx-debug --enable-libstdcxx-time=yes --with-default-libstdcxx-abi=new --enable-gnu-unique-object --disable-vtable-verify --enable-libmpx --enable-plugin --enable-default-pie --with-system-zlib --with-target-system-zlib --enable-objc-gc=auto --enable-multiarch --disable-werror --with-arch-32=i686 --with-abi=m64 --with-multilib-list=m32,m64,mx32 --enable-multilib --with-tune=generic --enable-offload-targets=nvptx-none --without-cuda-driver --enable-checking=release --build=x86_64-linux-gnu --host=x86_64-linux-gnu --target=x86_64-linux-gnu
Thread model: posix
gcc version 7.5.0 (Ubuntu 7.5.0-3ubuntu1~18.04) 
COLLECT_GCC_OPTIONS='-v' '-o' 'CMakeFiles/cmTC_76dbd.dir/CMakeCCompilerABI.c.o' '-c' '-mtune=generic' '-march=x86-64'
 /usr/lib/gcc/x86_64-linux-gnu/7/cc1 -quiet -v -imultiarch x86_64-linux-gnu /usr/local/share/cmake-3.20/Modules/CMakeCCompilerABI.c -quiet -dumpbase CMakeCCompilerABI.c -mtune=generic -march=x86-64 -auxbase-strip CMakeFiles/cmTC_76dbd.dir/CMakeCCompilerABI.c.o -version -fstack-protector-strong -Wformat -Wformat-security -o /tmp/cc58sXQS.s
GNU C11 (Ubuntu 7.5.0-3ubuntu1~18.04) version 7.5.0 (x86_64-linux-gnu)
	compiled by GNU C version 7.5.0, GMP version 6.1.2, MPFR version 4.0.1, MPC version 1.1.0, isl version isl-0.19-GMP

GGC heuristics: --param ggc-min-expand=100 --param ggc-min-heapsize=131072
ignoring nonexistent directory "/usr/local/include/x86_64-linux-gnu"
ignoring nonexistent directory "/usr/lib/gcc/x86_64-linux-gnu/7/../../../../x86_64-linux-gnu/include"
#include "..." search starts here:
#include <...> search starts here:
 /usr/lib/gcc/x86_64-linux-gnu/7/include
 /usr/local/include
 /usr/lib/gcc/x86_64-linux-gnu/7/include-fixed
 /usr/include/x86_64-linux-gnu
 /usr/include
End of search list.
GNU C11 (Ubuntu 7.5.0-3ubuntu1~18.04) version 7.5.0 (x86_64-linux-gnu)
	compiled by GNU C version 7.5.0, GMP version 6.1.2, MPFR version 4.0.1, MPC version 1.1.0, isl version isl-0.19-GMP

GGC heuristics: --param ggc-min-expand=100 --param ggc-min-heapsize=131072
Compiler executable checksum: b62ed4a2880cd4159476ea8293b72fa8
COLLECT_GCC_OPTIONS='-v' '-o' 'CMakeFiles/cmTC_76dbd.dir/CMakeCCompilerABI.c.o' '-c' '-mtune=generic' '-march=x86-64'
 as -v --64 -o CMakeFiles/cmTC_76dbd.dir/CMakeCCompilerABI.c.o /tmp/cc58sXQS.s
GNU assembler version 2.30 (x86_64-linux-gnu) using BFD version (GNU Binutils for Ubuntu) 2.30
COMPILER_PATH=/usr/lib/gcc/x86_64-linux-gnu/7/:/usr/lib/gcc/x86_64-linux-gnu/7/:/usr/lib/gcc/x86_64-linux-gnu/:/usr/lib/gcc/x86_64-linux-gnu/7/:/usr/lib/gcc/x86_64-linux-gnu/
LIBRARY_PATH=/usr/lib/gcc/x86_64-linux-gnu/7/:/usr/lib/gcc/x86_64-linux-gnu/7/../../../x86_64-linux-gnu/:/usr/lib/gcc/x86_64-linux-gnu/7/../../../../lib/:/lib/x86_64-linux-gnu/:/lib/../lib/:/usr/lib/x86_64-linux-gnu/:/usr/lib/../lib/:/usr/lib/gcc/x86_64-linux-gnu/7/../../../:/lib/:/usr/lib/
COLLECT_GCC_OPTIONS='-v' '-o' 'CMakeFiles/cmTC_76dbd.dir/CMakeCCompilerABI.c.o' '-c' '-mtune=generic' '-march=x86-64'
Linking C executable cmTC_76dbd
/usr/local/bin/cmake -E cmake_link_script CMakeFiles/cmTC_76dbd.dir/link.txt --verbose=1
/usr/bin/cc  -v CMakeFiles/cmTC_76dbd.dir/CMakeCCompilerABI.c.o -o cmTC_76dbd 
Using built-in specs.
COLLECT_GCC=/usr/bin/cc
COLLECT_LTO_WRAPPER=/usr/lib/gcc/x86_64-linux-gnu/7/lto-wrapper
OFFLOAD_TARGET_NAMES=nvptx-none
OFFLOAD_TARGET_DEFAULT=1
Target: x86_64-linux-gnu
Configured with: ../src/configure -v --with-pkgversion='Ubuntu 7.5.0-3ubuntu1~18.04' --with-bugurl=file:///usr/share/doc/gcc-7/README.Bugs --enable-languages=c,ada,c++,go,brig,d,fortran,objc,obj-c++ --prefix=/usr --with-gcc-major-version-only --program-suffix=-7 --program-prefix=x86_64-linux-gnu- --enable-shared --enable-linker-build-id --libexecdir=/usr/lib --without-included-gettext --enable-threads=posix --libdir=/usr/lib --enable-nls --enable-bootstrap --enable-clocale=gnu --enable-libstdcxx-debug --enable-libstdcxx-time=yes --with-default-libstdcxx-abi=new --enable-gnu-unique-object --disable-vtable-verify --enable-libmpx --enable-plugin --enable-default-pie --with-system-zlib --with-target-system-zlib --enable-objc-gc=auto --enable-multiarch --disable-werror --with-arch-32=i686 --with-abi=m64 --with-multilib-list=m32,m64,mx32 --enable-multilib --with-tune=generic --enable-offload-targets=nvptx-none --without-cuda-driver --enable-checking=release --build=x86_64-linux-gnu --host=x86_64-linux-gnu --target=x86_64-linux-gnu
Thread model: posix
gcc version 7.5.0 (Ubuntu 7.5.0-3ubuntu1~18.04) 
COMPILER_PATH=/usr/lib/gcc/x86_64-linux-gnu/7/:/usr/lib/gcc/x86_64-linux-gnu/7/:/usr/lib/gcc/x86_64-linux-gnu/:/usr/lib/gcc/x86_64-linux-gnu/7/:/usr/lib/gcc/x86_64-linux-gnu/
LIBRARY_PATH=/usr/lib/gcc/x86_64-linux-gnu/7/:/usr/lib/gcc/x86_64-linux-gnu/7/../../../x86_64-linux-gnu/:/usr/lib/gcc/x86_64-linux-gnu/7/../../../../lib/:/lib/x86_64-linux-gnu/:/lib/../lib/:/usr/lib/x86_64-linux-gnu/:/usr/lib/../lib/:/usr/lib/gcc/x86_64-linux-gnu/7/../../../:/lib/:/usr/lib/
COLLECT_GCC_OPTIONS='-v' '-o' 'cmTC_76dbd' '-mtune=generic' '-march=x86-64'
 /usr/lib/gcc/x86_64-linux-gnu/7/collect2 -plugin /usr/lib/gcc/x86_64-linux-gnu/7/liblto_plugin.so -plugin-opt=/usr/lib/gcc/x86_64-linux-gnu/7/lto-wrapper -plugin-opt=-fresolution=/tmp/cctOIaJR.res -plugin-opt=-pass-through=-lgcc -plugin-opt=-pass-through=-lgcc_s -plugin-opt=-pass-through=-lc -plugin-opt=-pass-through=-lgcc -plugin-opt=-pass-through=-lgcc_s --build-id --eh-frame-hdr -m elf_x86_64 --hash-style=gnu --as-needed -dynamic-linker /lib64/ld-linux-x86-64.so.2 -pie -z now -z relro -o cmTC_76dbd /usr/lib/gcc/x86_64-linux-gnu/7/../../../x86_64-linux-gnu/Scrt1.o /usr/lib/gcc/x86_64-linux-gnu/7/../../../x86_64-linux-gnu/crti.o /usr/lib/gcc/x86_64-linux-gnu/7/crtbeginS.o -L/usr/lib/gcc/x86_64-linux-gnu/7 -L/usr/lib/gcc/x86_64-linux-gnu/7/../../../x86_64-linux-gnu -L/usr/lib/gcc/x86_64-linux-gnu/7/../../../../lib -L/lib/x86_64-linux-gnu -L/lib/../lib -L/usr/lib/x86_64-linux-gnu -L/usr/lib/../lib -L/usr/lib/gcc/x86_64-linux-gnu/7/../../.. CMakeFiles/cmTC_76dbd.dir/CMakeCCompilerABI.c.o -lgcc --push-state --as-needed -lgcc_s --pop-state -lc -lgcc --push-state --as-needed -lgcc_s --pop-state /usr/lib/gcc/x86_64-linux-gnu/7/crtendS.o /usr/lib/gcc/x86_64-linux-gnu/7/../../../x86_64-linux-gnu/crtn.o
COLLECT_GCC_OPTIONS='-v' '-o' 'cmTC_76dbd' '-mtune=generic' '-march=x86-64'
make[1]: Leaving directory '/home/qba/git/afb-libafb/tis/build/check/CMakeFiles/CMakeTmp'



Parsed C implicit include dir info from above output: rv=done
  found start of include info
  found start of implicit include info
    add: [/usr/lib/gcc/x86_64-linux-gnu/7/include]
    add: [/usr/local/include]
    add: [/usr/lib/gcc/x86_64-linux-gnu/7/include-fixed]
    add: [/usr/include/x86_64-linux-gnu]
    add: [/usr/include]
  end of search list found
  collapse include dir [/usr/lib/gcc/x86_64-linux-gnu/7/include] ==> [/usr/lib/gcc/x86_64-linux-gnu/7/include]
  collapse include dir [/usr/local/include] ==> [/usr/local/include]
  collapse include dir [/usr/lib/gcc/x86_64-linux-gnu/7/include-fixed] ==> [/usr/lib/gcc/x86_64-linux-gnu/7/include-fixed]
  collapse include dir [/usr/include/x86_64-linux-gnu] ==> [/usr/include/x86_64-linux-gnu]
  collapse include dir [/usr/include] ==> [/usr/include]
  implicit include dirs: [/usr/lib/gcc/x86_64-linux-gnu/7/include;/usr/local/include;/usr/lib/gcc/x86_64-linux-gnu/7/include-fixed;/usr/include/x86_64-linux-gnu;/usr/include]


Parsed C implicit link information from above output:
  link line regex: [^( *|.*[/\])(ld|CMAKE_LINK_STARTFILE-NOTFOUND|([^/\]+-)?ld|collect2)[^/\]*( |$)]
  ignore line: [Change Dir: /home/qba/git/afb-libafb/tis/build/check/CMakeFiles/CMakeTmp]
  ignore line: []
  ignore line: [Run Build Command(s):/usr/bin/make -f Makefile cmTC_76dbd/fast && /usr/bin/make  -f CMakeFiles/cmTC_76dbd.dir/build.make CMakeFiles/cmTC_76dbd.dir/build]
  ignore line: [make[1]: Entering directory '/home/qba/git/afb-libafb/tis/build/check/CMakeFiles/CMakeTmp']
  ignore line: [Building C object CMakeFiles/cmTC_76dbd.dir/CMakeCCompilerABI.c.o]
  ignore line: [/usr/bin/cc   -v -o CMakeFiles/cmTC_76dbd.dir/CMakeCCompilerABI.c.o -c /usr/local/share/cmake-3.20/Modules/CMakeCCompilerABI.c]
  ignore line: [Using built-in specs.]
  ignore line: [COLLECT_GCC=/usr/bin/cc]
  ignore line: [OFFLOAD_TARGET_NAMES=nvptx-none]
  ignore line: [OFFLOAD_TARGET_DEFAULT=1]
  ignore line: [Target: x86_64-linux-gnu]
  ignore line: [Configured with: ../src/configure -v --with-pkgversion='Ubuntu 7.5.0-3ubuntu1~18.04' --with-bugurl=file:///usr/share/doc/gcc-7/README.Bugs --enable-languages=c ada c++ go brig d fortran objc obj-c++ --prefix=/usr --with-gcc-major-version-only --program-suffix=-7 --program-prefix=x86_64-linux-gnu- --enable-shared --enable-linker-build-id --libexecdir=/usr/lib --without-included-gettext --enable-threads=posix --libdir=/usr/lib --enable-nls --enable-bootstrap --enable-clocale=gnu --enable-libstdcxx-debug --enable-libstdcxx-time=yes --with-default-libstdcxx-abi=new --enable-gnu-unique-object --disable-vtable-verify --enable-libmpx --enable-plugin --enable-default-pie --with-system-zlib --with-target-system-zlib --enable-objc-gc=auto --enable-multiarch --disable-werror --with-arch-32=i686 --with-abi=m64 --with-multilib-list=m32 m64 mx32 --enable-multilib --with-tune=generic --enable-offload-targets=nvptx-none --without-cuda-driver --enable-checking=release --build=x86_64-linux-gnu --host=x86_64-linux-gnu --target=x86_64-linux-gnu]
  ignore line: [Thread model: posix]
  ignore line: [gcc version 7.5.0 (Ubuntu 7.5.0-3ubuntu1~18.04) ]
  ignore line: [COLLECT_GCC_OPTIONS='-v' '-o' 'CMakeFiles/cmTC_76dbd.dir/CMakeCCompilerABI.c.o' '-c' '-mtune=generic' '-march=x86-64']
  ignore line: [ /usr/lib/gcc/x86_64-linux-gnu/7/cc1 -quiet -v -imultiarch x86_64-linux-gnu /usr/local/share/cmake-3.20/Modules/CMakeCCompilerABI.c -quiet -dumpbase CMakeCCompilerABI.c -mtune=generic -march=x86-64 -auxbase-strip CMakeFiles/cmTC_76dbd.dir/CMakeCCompilerABI.c.o -version -fstack-protector-strong -Wformat -Wformat-security -o /tmp/cc58sXQS.s]
  ignore line: [GNU C11 (Ubuntu 7.5.0-3ubuntu1~18.04) version 7.5.0 (x86_64-linux-gnu)]
  ignore line: [	compiled by GNU C version 7.5.0  GMP version 6.1.2  MPFR version 4.0.1  MPC version 1.1.0  isl version isl-0.19-GMP]
  ignore line: []
  ignore line: [GGC heuristics: --param ggc-min-expand=100 --param ggc-min-heapsize=131072]
  ignore line: [ignoring nonexistent directory "/usr/local/include/x86_64-linux-gnu"]
  ignore line: [ignoring nonexistent directory "/usr/lib/gcc/x86_64-linux-gnu/7/../../../../x86_64-linux-gnu/include"]
  ignore line: [#include "..." search starts here:]
  ignore line: [#include <...> search starts here:]
  ignore line: [ /usr/lib/gcc/x86_64-linux-gnu/7/include]
  ignore line: [ /usr/local/include]
  ignore line: [ /usr/lib/gcc/x86_64-linux-gnu/7/include-fixed]
  ignore line: [ /usr/include/x86_64-linux-gnu]
  ignore line: [ /usr/include]
  ignore line: [End of search list.]
  ignore line: [GNU C11 (Ubuntu 7.5.0-3ubuntu1~18.04) version 7.5.0 (x86_64-linux-gnu)]
  ignore line: [	compiled by GNU C version 7.5.0  GMP version 6.1.2  MPFR version 4.0.1  MPC version 1.1.0  isl version isl-0.19-GMP]
  ignore line: []
  ignore line: [GGC heuristics: --param ggc-min-expand=100 --param ggc-min-heapsize=131072]
  ignore line: [Compiler executable checksum: b62ed4a2880cd4159476ea8293b72fa8]
  ignore line: [COLLECT_GCC_OPTIONS='-v' '-o' 'CMakeFiles/cmTC_76dbd.dir/CMakeCCompilerABI.c.o' '-c' '-mtune=generic' '-march=x86-64']
  ignore line: [ as -v --64 -o CMakeFiles/cmTC_76dbd.dir/CMakeCCompilerABI.c.o /tmp/cc58sXQS.s]
  ignore line: [GNU assembler version 2.30 (x86_64-linux-gnu) using BFD version (GNU Binutils for Ubuntu) 2.30]
  ignore line: [COMPILER_PATH=/usr/lib/gcc/x86_64-linux-gnu/7/:/usr/lib/gcc/x86_64-linux-gnu/7/:/usr/lib/gcc/x86_64-linux-gnu/:/usr/lib/gcc/x86_64-linux-gnu/7/:/usr/lib/gcc/x86_64-linux-gnu/]
  ignore line: [LIBRARY_PATH=/usr/lib/gcc/x86_64-linux-gnu/7/:/usr/lib/gcc/x86_64-linux-gnu/7/../../../x86_64-linux-gnu/:/usr/lib/gcc/x86_64-linux-gnu/7/../../../../lib/:/lib/x86_64-linux-gnu/:/lib/../lib/:/usr/lib/x86_64-linux-gnu/:/usr/lib/../lib/:/usr/lib/gcc/x86_64-linux-gnu/7/../../../:/lib/:/usr/lib/]
  ignore line: [COLLECT_GCC_OPTIONS='-v' '-o' 'CMakeFiles/cmTC_76dbd.dir/CMakeCCompilerABI.c.o' '-c' '-mtune=generic' '-march=x86-64']
  ignore line: [Linking C executable cmTC_76dbd]
  ignore line: [/usr/local/bin/cmake -E cmake_link_script CMakeFiles/cmTC_76dbd.dir/link.txt --verbose=1]
  ignore line: [/usr/bin/cc  -v CMakeFiles/cmTC_76dbd.dir/CMakeCCompilerABI.c.o -o cmTC_76dbd ]
  ignore line: [Using built-in specs.]
  ignore line: [COLLECT_GCC=/usr/bin/cc]
  ignore line: [COLLECT_LTO_WRAPPER=/usr/lib/gcc/x86_64-linux-gnu/7/lto-wrapper]
  ignore line: [OFFLOAD_TARGET_NAMES=nvptx-none]
  ignore line: [OFFLOAD_TARGET_DEFAULT=1]
  ignore line: [Target: x86_64-linux-gnu]
  ignore line: [Configured with: ../src/configure -v --with-pkgversion='Ubuntu 7.5.0-3ubuntu1~18.04' --with-bugurl=file:///usr/share/doc/gcc-7/README.Bugs --enable-languages=c ada c++ go brig d fortran objc obj-c++ --prefix=/usr --with-gcc-major-version-only --program-suffix=-7 --program-prefix=x86_64-linux-gnu- --enable-shared --enable-linker-build-id --libexecdir=/usr/lib --without-included-gettext --enable-threads=posix --libdir=/usr/lib --enable-nls --enable-bootstrap --enable-clocale=gnu --enable-libstdcxx-debug --enable-libstdcxx-time=yes --with-default-libstdcxx-abi=new --enable-gnu-unique-object --disable-vtable-verify --enable-libmpx --enable-plugin --enable-default-pie --with-system-zlib --with-target-system-zlib --enable-objc-gc=auto --enable-multiarch --disable-werror --with-arch-32=i686 --with-abi=m64 --with-multilib-list=m32 m64 mx32 --enable-multilib --with-tune=generic --enable-offload-targets=nvptx-none --without-cuda-driver --enable-checking=release --build=x86_64-linux-gnu --host=x86_64-linux-gnu --target=x86_64-linux-gnu]
  ignore line: [Thread model: posix]
  ignore line: [gcc version 7.5.0 (Ubuntu 7.5.0-3ubuntu1~18.04) ]
  ignore line: [COMPILER_PATH=/usr/lib/gcc/x86_64-linux-gnu/7/:/usr/lib/gcc/x86_64-linux-gnu/7/:/usr/lib/gcc/x86_64-linux-gnu/:/usr/lib/gcc/x86_64-linux-gnu/7/:/usr/lib/gcc/x86_64-linux-gnu/]
  ignore line: [LIBRARY_PATH=/usr/lib/gcc/x86_64-linux-gnu/7/:/usr/lib/gcc/x86_64-linux-gnu/7/../../../x86_64-linux-gnu/:/usr/lib/gcc/x86_64-linux-gnu/7/../../../../lib/:/lib/x86_64-linux-gnu/:/lib/../lib/:/usr/lib/x86_64-linux-gnu/:/usr/lib/../lib/:/usr/lib/gcc/x86_64-linux-gnu/7/../../../:/lib/:/usr/lib/]
  ignore line: [COLLECT_GCC_OPTIONS='-v' '-o' 'cmTC_76dbd' '-mtune=generic' '-march=x86-64']
  link line: [ /usr/lib/gcc/x86_64-linux-gnu/7/collect2 -plugin /usr/lib/gcc/x86_64-linux-gnu/7/liblto_plugin.so -plugin-opt=/usr/lib/gcc/x86_64-linux-gnu/7/lto-wrapper -plugin-opt=-fresolution=/tmp/cctOIaJR.res -plugin-opt=-pass-through=-lgcc -plugin-opt=-pass-through=-lgcc_s -plugin-opt=-pass-through=-lc -plugin-opt=-pass-through=-lgcc -plugin-opt=-pass-through=-lgcc_s --build-id --eh-frame-hdr -m elf_x86_64 --hash-style=gnu --as-needed -dynamic-linker /lib64/ld-linux-x86-64.so.2 -pie -z now -z relro -o cmTC_76dbd /usr/lib/gcc/x86_64-linux-gnu/7/../../../x86_64-linux-gnu/Scrt1.o /usr/lib/gcc/x86_64-linux-gnu/7/../../../x86_64-linux-gnu/crti.o /usr/lib/gcc/x86_64-linux-gnu/7/crtbeginS.o -L/usr/lib/gcc/x86_64-linux-gnu/7 -L/usr/lib/gcc/x86_64-linux-gnu/7/../../../x86_64-linux-gnu -L/usr/lib/gcc/x86_64-linux-gnu/7/../../../../lib -L/lib/x86_64-linux-gnu -L/lib/../lib -L/usr/lib/x86_64-linux-gnu -L/usr/lib/../lib -L/usr/lib/gcc/x86_64-linux-gnu/7/../../.. CMakeFiles/cmTC_76dbd.dir/CMakeCCompilerABI.c.o -lgcc --push-state --as-needed -lgcc_s --pop-state -lc -lgcc --push-state --as-needed -lgcc_s --pop-state /usr/lib/gcc/x86_64-linux-gnu/7/crtendS.o /usr/lib/gcc/x86_64-linux-gnu/7/../../../x86_64-linux-gnu/crtn.o]
    arg [/usr/lib/gcc/x86_64-linux-gnu/7/collect2] ==> ignore
    arg [-plugin] ==> ignore
    arg [/usr/lib/gcc/x86_64-linux-gnu/7/liblto_plugin.so] ==> ignore
    arg [-plugin-opt=/usr/lib/gcc/x86_64-linux-gnu/7/lto-wrapper] ==> ignore
    arg [-plugin-opt=-fresolution=/tmp/cctOIaJR.res] ==> ignore
    arg [-plugin-opt=-pass-through=-lgcc] ==> ignore
    arg [-plugin-opt=-pass-through=-lgcc_s] ==> ignore
    arg [-plugin-opt=-pass-through=-lc] ==> ignore
    arg [-plugin-opt=-pass-through=-lgcc] ==> ignore
    arg [-plugin-opt=-pass-through=-lgcc_s] ==> ignore
    arg [--build-id] ==> ignore
    arg [--eh-frame-hdr] ==> ignore
    arg [-m] ==> ignore
    arg [elf_x86_64] ==> ignore
    arg [--hash-style=gnu] ==> ignore
    arg [--as-needed] ==> ignore
    arg [-dynamic-linker] ==> ignore
    arg [/lib64/ld-linux-x86-64.so.2] ==> ignore
    arg [-pie] ==> ignore
    arg [-znow] ==> ignore
    arg [-zrelro] ==> ignore
    arg [-o] ==> ignore
    arg [cmTC_76dbd] ==> ignore
    arg [/usr/lib/gcc/x86_64-linux-gnu/7/../../../x86_64-linux-gnu/Scrt1.o] ==> obj [/usr/lib/gcc/x86_64-linux-gnu/7/../../../x86_64-linux-gnu/Scrt1.o]
    arg [/usr/lib/gcc/x86_64-linux-gnu/7/../../../x86_64-linux-gnu/crti.o] ==> obj [/usr/lib/gcc/x86_64-linux-gnu/7/../../../x86_64-linux-gnu/crti.o]
    arg [/usr/lib/gcc/x86_64-linux-gnu/7/crtbeginS.o] ==> obj [/usr/lib/gcc/x86_64-linux-gnu/7/crtbeginS.o]
    arg [-L/usr/lib/gcc/x86_64-linux-gnu/7] ==> dir [/usr/lib/gcc/x86_64-linux-gnu/7]
    arg [-L/usr/lib/gcc/x86_64-linux-gnu/7/../../../x86_64-linux-gnu] ==> dir [/usr/lib/gcc/x86_64-linux-gnu/7/../../../x86_64-linux-gnu]
    arg [-L/usr/lib/gcc/x86_64-linux-gnu/7/../../../../lib] ==> dir [/usr/lib/gcc/x86_64-linux-gnu/7/../../../../lib]
    arg [-L/lib/x86_64-linux-gnu] ==> dir [/lib/x86_64-linux-gnu]
    arg [-L/lib/../lib] ==> dir [/lib/../lib]
    arg [-L/usr/lib/x86_64-linux-gnu] ==> dir [/usr/lib/x86_64-linux-gnu]
    arg [-L/usr/lib/../lib] ==> dir [/usr/lib/../lib]
    arg [-L/usr/lib/gcc/x86_64-linux-gnu/7/../../..] ==> dir [/usr/lib/gcc/x86_64-linux-gnu/7/../../..]
    arg [CMakeFiles/cmTC_76dbd.dir/CMakeCCompilerABI.c.o] ==> ignore
    arg [-lgcc] ==> lib [gcc]
    arg [--push-state] ==> ignore
    arg [--as-needed] ==> ignore
    arg [-lgcc_s] ==> lib [gcc_s]
    arg [--pop-state] ==> ignore
    arg [-lc] ==> lib [c]
    arg [-lgcc] ==> lib [gcc]
    arg [--push-state] ==> ignore
    arg [--as-needed] ==> ignore
    arg [-lgcc_s] ==> lib [gcc_s]
    arg [--pop-state] ==> ignore
    arg [/usr/lib/gcc/x86_64-linux-gnu/7/crtendS.o] ==> obj [/usr/lib/gcc/x86_64-linux-gnu/7/crtendS.o]
    arg [/usr/lib/gcc/x86_64-linux-gnu/7/../../../x86_64-linux-gnu/crtn.o] ==> obj [/usr/lib/gcc/x86_64-linux-gnu/7/../../../x86_64-linux-gnu/crtn.o]
  collapse obj [/usr/lib/gcc/x86_64-linux-gnu/7/../../../x86_64-linux-gnu/Scrt1.o] ==> [/usr/lib/x86_64-linux-gnu/Scrt1.o]
  collapse obj [/usr/lib/gcc/x86_64-linux-gnu/7/../../../x86_64-linux-gnu/crti.o] ==> [/usr/lib/x86_64-linux-gnu/crti.o]
  collapse obj [/usr/lib/gcc/x86_64-linux-gnu/7/../../../x86_64-linux-gnu/crtn.o] ==> [/usr/lib/x86_64-linux-gnu/crtn.o]
  collapse library dir [/usr/lib/gcc/x86_64-linux-gnu/7] ==> [/usr/lib/gcc/x86_64-linux-gnu/7]
  collapse library dir [/usr/lib/gcc/x86_64-linux-gnu/7/../../../x86_64-linux-gnu] ==> [/usr/lib/x86_64-linux-gnu]
  collapse library dir [/usr/lib/gcc/x86_64-linux-gnu/7/../../../../lib] ==> [/usr/lib]
  collapse library dir [/lib/x86_64-linux-gnu] ==> [/lib/x86_64-linux-gnu]
  collapse library dir [/lib/../lib] ==> [/lib]
  collapse library dir [/usr/lib/x86_64-linux-gnu] ==> [/usr/lib/x86_64-linux-gnu]
  collapse library dir [/usr/lib/../lib] ==> [/usr/lib]
  collapse library dir [/usr/lib/gcc/x86_64-linux-gnu/7/../../..] ==> [/usr/lib]
  implicit libs: [gcc;gcc_s;c;gcc;gcc_s]
  implicit objs: [/usr/lib/x86_64-linux-gnu/Scrt1.o;/usr/lib/x86_64-linux-gnu/crti.o;/usr/lib/gcc/x86_64-linux-gnu/7/crtbeginS.o;/usr/lib/gcc/x86_64-linux-gnu/7/crtendS.o;/usr/lib/x86_64-linux-gnu/crtn.o]
  implicit dirs: [/usr/lib/gcc/x86_64-linux-gnu/7;/usr/lib/x86_64-linux-gnu;/usr/lib;/lib/x86_64-linux-gnu;/lib]
  implicit fwks: []


Determining if files ;sys/types.h exist passed with the following output:
Change Dir: /home/qba/git/afb-libafb/tis/build/check/CMakeFiles/CMakeTmp

Run Build Command(s):/usr/bin/make -f Makefile cmTC_dccad/fast && /usr/bin/make  -f CMakeFiles/cmTC_dccad.dir/build.make CMakeFiles/cmTC_dccad.dir/build
make[1]: Entering directory '/home/qba/git/afb-libafb/tis/build/check/CMakeFiles/CMakeTmp'
Building C object CMakeFiles/cmTC_dccad.dir/HAVE_SYS_TYPES_H.c.o
/usr/bin/cc   -std=gnu99 -o CMakeFiles/cmTC_dccad.dir/HAVE_SYS_TYPES_H.c.o -c /home/qba/git/afb-libafb/tis/build/check/CMakeFiles/CheckIncludeFiles/HAVE_SYS_TYPES_H.c
Linking C executable cmTC_dccad
/usr/local/bin/cmake -E cmake_link_script CMakeFiles/cmTC_dccad.dir/link.txt --verbose=1
/usr/bin/cc CMakeFiles/cmTC_dccad.dir/HAVE_SYS_TYPES_H.c.o -o cmTC_dccad 
make[1]: Leaving directory '/home/qba/git/afb-libafb/tis/build/check/CMakeFiles/CMakeTmp'



Determining if files sys/types.h;errno.h exist passed with the following output:
Change Dir: /home/qba/git/afb-libafb/tis/build/check/CMakeFiles/CMakeTmp

Run Build Command(s):/usr/bin/make -f Makefile cmTC_68e30/fast && /usr/bin/make  -f CMakeFiles/cmTC_68e30.dir/build.make CMakeFiles/cmTC_68e30.dir/build
make[1]: Entering directory '/home/qba/git/afb-libafb/tis/build/check/CMakeFiles/CMakeTmp'
Building C object CMakeFiles/cmTC_68e30.dir/HAVE_ERRNO_H.c.o
/usr/bin/cc   -std=gnu99 -o CMakeFiles/cmTC_68e30.dir/HAVE_ERRNO_H.c.o -c /home/qba/git/afb-libafb/tis/build/check/CMakeFiles/CheckIncludeFiles/HAVE_ERRNO_H.c
Linking C executable cmTC_68e30
/usr/local/bin/cmake -E cmake_link_script CMakeFiles/cmTC_68e30.dir/link.txt --verbose=1
/usr/bin/cc CMakeFiles/cmTC_68e30.dir/HAVE_ERRNO_H.c.o -o cmTC_68e30 
make[1]: Leaving directory '/home/qba/git/afb-libafb/tis/build/check/CMakeFiles/CMakeTmp'



Determining if files sys/types.h;errno.h;inttypes.h exist passed with the following output:
Change Dir: /home/qba/git/afb-libafb/tis/build/check/CMakeFiles/CMakeTmp

Run Build Command(s):/usr/bin/make -f Makefile cmTC_b82b4/fast && /usr/bin/make  -f CMakeFiles/cmTC_b82b4.dir/build.make CMakeFiles/cmTC_b82b4.dir/build
make[1]: Entering directory '/home/qba/git/afb-libafb/tis/build/check/CMakeFiles/CMakeTmp'
Building C object CMakeFiles/cmTC_b82b4.dir/HAVE_INTTYPES_H.c.o
/usr/bin/cc   -std=gnu99 -o CMakeFiles/cmTC_b82b4.dir/HAVE_INTTYPES_H.c.o -c /home/qba/git/afb-libafb/tis/build/check/CMakeFiles/CheckIncludeFiles/HAVE_INTTYPES_H.c
Linking C executable cmTC_b82b4
/usr/local/bin/cmake -E cmake_link_script CMakeFiles/cmTC_b82b4.dir/link.txt --verbose=1
/usr/bin/cc CMakeFiles/cmTC_b82b4.dir/HAVE_INTTYPES_H.c.o -o cmTC_b82b4 
make[1]: Leaving directory '/home/qba/git/afb-libafb/tis/build/check/CMakeFiles/CMakeTmp'



Determining if files sys/types.h;errno.h;inttypes.h;limits.h exist passed with the following output:
Change Dir: /home/qba/git/afb-libafb/tis/build/check/CMakeFiles/CMakeTmp

Run Build Command(s):/usr/bin/make -f Makefile cmTC_32a65/fast && /usr/bin/make  -f CMakeFiles/cmTC_32a65.dir/build.make CMakeFiles/cmTC_32a65.dir/build
make[1]: Entering directory '/home/qba/git/afb-libafb/tis/build/check/CMakeFiles/CMakeTmp'
Building C object CMakeFiles/cmTC_32a65.dir/HAVE_LIMITS_H.c.o
/usr/bin/cc   -std=gnu99 -o CMakeFiles/cmTC_32a65.dir/HAVE_LIMITS_H.c.o -c /home/qba/git/afb-libafb/tis/build/check/CMakeFiles/CheckIncludeFiles/HAVE_LIMITS_H.c
Linking C executable cmTC_32a65
/usr/local/bin/cmake -E cmake_link_script CMakeFiles/cmTC_32a65.dir/link.txt --verbose=1
/usr/bin/cc CMakeFiles/cmTC_32a65.dir/HAVE_LIMITS_H.c.o -o cmTC_32a65 
make[1]: Leaving directory '/home/qba/git/afb-libafb/tis/build/check/CMakeFiles/CMakeTmp'



Determining if files sys/types.h;errno.h;inttypes.h;limits.h;regex.h exist passed with the following output:
Change Dir: /home/qba/git/afb-libafb/tis/build/check/CMakeFiles/CMakeTmp

Run Build Command(s):/usr/bin/make -f Makefile cmTC_b788a/fast && /usr/bin/make  -f CMakeFiles/cmTC_b788a.dir/build.make CMakeFiles/cmTC_b788a.dir/build
make[1]: Entering directory '/home/qba/git/afb-libafb/tis/build/check/CMakeFiles/CMakeTmp'
Building C object CMakeFiles/cmTC_b788a.dir/HAVE_REGEX_H.c.o
/usr/bin/cc   -std=gnu99 -o CMakeFiles/cmTC_b788a.dir/HAVE_REGEX_H.c.o -c /home/qba/git/afb-libafb/tis/build/check/CMakeFiles/CheckIncludeFiles/HAVE_REGEX_H.c
Linking C executable cmTC_b788a
/usr/local/bin/cmake -E cmake_link_script CMakeFiles/cmTC_b788a.dir/link.txt --verbose=1
/usr/bin/cc CMakeFiles/cmTC_b788a.dir/HAVE_REGEX_H.c.o -o cmTC_b788a 
make[1]: Leaving directory '/home/qba/git/afb-libafb/tis/build/check/CMakeFiles/CMakeTmp'



Determining if files sys/types.h;errno.h;inttypes.h;limits.h;regex.h;signal.h exist passed with the following output:
Change Dir: /home/qba/git/afb-libafb/tis/build/check/CMakeFiles/CMakeTmp

Run Build Command(s):/usr/bin/make -f Makefile cmTC_13984/fast && /usr/bin/make  -f CMakeFiles/cmTC_13984.dir/build.make CMakeFiles/cmTC_13984.dir/build
make[1]: Entering directory '/home/qba/git/afb-libafb/tis/build/check/CMakeFiles/CMakeTmp'
Building C object CMakeFiles/cmTC_13984.dir/HAVE_SIGNAL_H.c.o
/usr/bin/cc   -std=gnu99 -o CMakeFiles/cmTC_13984.dir/HAVE_SIGNAL_H.c.o -c /home/qba/git/afb-libafb/tis/build/check/CMakeFiles/CheckIncludeFiles/HAVE_SIGNAL_H.c
Linking C executable cmTC_13984
/usr/local/bin/cmake -E cmake_link_script CMakeFiles/cmTC_13984.dir/link.txt --verbose=1
/usr/bin/cc CMakeFiles/cmTC_13984.dir/HAVE_SIGNAL_H.c.o -o cmTC_13984 
make[1]: Leaving directory '/home/qba/git/afb-libafb/tis/build/check/CMakeFiles/CMakeTmp'



Determining if files sys/types.h;errno.h;inttypes.h;limits.h;regex.h;signal.h;stdarg.h exist passed with the following output:
Change Dir: /home/qba/git/afb-libafb/tis/build/check/CMakeFiles/CMakeTmp

Run Build Command(s):/usr/bin/make -f Makefile cmTC_ff8e6/fast && /usr/bin/make  -f CMakeFiles/cmTC_ff8e6.dir/build.make CMakeFiles/cmTC_ff8e6.dir/build
make[1]: Entering directory '/home/qba/git/afb-libafb/tis/build/check/CMakeFiles/CMakeTmp'
Building C object CMakeFiles/cmTC_ff8e6.dir/HAVE_STDARG_H.c.o
/usr/bin/cc   -std=gnu99 -o CMakeFiles/cmTC_ff8e6.dir/HAVE_STDARG_H.c.o -c /home/qba/git/afb-libafb/tis/build/check/CMakeFiles/CheckIncludeFiles/HAVE_STDARG_H.c
Linking C executable cmTC_ff8e6
/usr/local/bin/cmake -E cmake_link_script CMakeFiles/cmTC_ff8e6.dir/link.txt --verbose=1
/usr/bin/cc CMakeFiles/cmTC_ff8e6.dir/HAVE_STDARG_H.c.o -o cmTC_ff8e6 
make[1]: Leaving directory '/home/qba/git/afb-libafb/tis/build/check/CMakeFiles/CMakeTmp'



Determining if files sys/types.h;errno.h;inttypes.h;limits.h;regex.h;signal.h;stdarg.h;stdint.h exist passed with the following output:
Change Dir: /home/qba/git/afb-libafb/tis/build/check/CMakeFiles/CMakeTmp

Run Build Command(s):/usr/bin/make -f Makefile cmTC_64b27/fast && /usr/bin/make  -f CMakeFiles/cmTC_64b27.dir/build.make CMakeFiles/cmTC_64b27.dir/build
make[1]: Entering directory '/home/qba/git/afb-libafb/tis/build/check/CMakeFiles/CMakeTmp'
Building C object CMakeFiles/cmTC_64b27.dir/HAVE_STDINT_H.c.o
/usr/bin/cc   -std=gnu99 -o CMakeFiles/cmTC_64b27.dir/HAVE_STDINT_H.c.o -c /home/qba/git/afb-libafb/tis/build/check/CMakeFiles/CheckIncludeFiles/HAVE_STDINT_H.c
Linking C executable cmTC_64b27
/usr/local/bin/cmake -E cmake_link_script CMakeFiles/cmTC_64b27.dir/link.txt --verbose=1
/usr/bin/cc CMakeFiles/cmTC_64b27.dir/HAVE_STDINT_H.c.o -o cmTC_64b27 
make[1]: Leaving directory '/home/qba/git/afb-libafb/tis/build/check/CMakeFiles/CMakeTmp'



Determining if files sys/types.h;errno.h;inttypes.h;limits.h;regex.h;signal.h;stdarg.h;stdint.h;stdlib.h exist passed with the following output:
Change Dir: /home/qba/git/afb-libafb/tis/build/check/CMakeFiles/CMakeTmp

Run Build Command(s):/usr/bin/make -f Makefile cmTC_56303/fast && /usr/bin/make  -f CMakeFiles/cmTC_56303.dir/build.make CMakeFiles/cmTC_56303.dir/build
make[1]: Entering directory '/home/qba/git/afb-libafb/tis/build/check/CMakeFiles/CMakeTmp'
Building C object CMakeFiles/cmTC_56303.dir/HAVE_STDLIB_H.c.o
/usr/bin/cc   -std=gnu99 -o CMakeFiles/cmTC_56303.dir/HAVE_STDLIB_H.c.o -c /home/qba/git/afb-libafb/tis/build/check/CMakeFiles/CheckIncludeFiles/HAVE_STDLIB_H.c
Linking C executable cmTC_56303
/usr/local/bin/cmake -E cmake_link_script CMakeFiles/cmTC_56303.dir/link.txt --verbose=1
/usr/bin/cc CMakeFiles/cmTC_56303.dir/HAVE_STDLIB_H.c.o -o cmTC_56303 
make[1]: Leaving directory '/home/qba/git/afb-libafb/tis/build/check/CMakeFiles/CMakeTmp'



Determining if files sys/types.h;errno.h;inttypes.h;limits.h;regex.h;signal.h;stdarg.h;stdint.h;stdlib.h;string.h exist passed with the following output:
Change Dir: /home/qba/git/afb-libafb/tis/build/check/CMakeFiles/CMakeTmp

Run Build Command(s):/usr/bin/make -f Makefile cmTC_15180/fast && /usr/bin/make  -f CMakeFiles/cmTC_15180.dir/build.make CMakeFiles/cmTC_15180.dir/build
make[1]: Entering directory '/home/qba/git/afb-libafb/tis/build/check/CMakeFiles/CMakeTmp'
Building C object CMakeFiles/cmTC_15180.dir/HAVE_STRING_H.c.o
/usr/bin/cc   -std=gnu99 -o CMakeFiles/cmTC_15180.dir/HAVE_STRING_H.c.o -c /home/qba/git/afb-libafb/tis/build/check/CMakeFiles/CheckIncludeFiles/HAVE_STRING_H.c
Linking C executable cmTC_15180
/usr/local/bin/cmake -E cmake_link_script CMakeFiles/cmTC_15180.dir/link.txt --verbose=1
/usr/bin/cc CMakeFiles/cmTC_15180.dir/HAVE_STRING_H.c.o -o cmTC_15180 
make[1]: Leaving directory '/home/qba/git/afb-libafb/tis/build/check/CMakeFiles/CMakeTmp'



Determining if files sys/types.h;errno.h;inttypes.h;limits.h;regex.h;signal.h;stdarg.h;stdint.h;stdlib.h;string.h;strings.h exist passed with the following output:
Change Dir: /home/qba/git/afb-libafb/tis/build/check/CMakeFiles/CMakeTmp

Run Build Command(s):/usr/bin/make -f Makefile cmTC_2e6e6/fast && /usr/bin/make  -f CMakeFiles/cmTC_2e6e6.dir/build.make CMakeFiles/cmTC_2e6e6.dir/build
make[1]: Entering directory '/home/qba/git/afb-libafb/tis/build/check/CMakeFiles/CMakeTmp'
Building C object CMakeFiles/cmTC_2e6e6.dir/HAVE_STRINGS_H.c.o
/usr/bin/cc   -std=gnu99 -o CMakeFiles/cmTC_2e6e6.dir/HAVE_STRINGS_H.c.o -c /home/qba/git/afb-libafb/tis/build/check/CMakeFiles/CheckIncludeFiles/HAVE_STRINGS_H.c
Linking C executable cmTC_2e6e6
/usr/local/bin/cmake -E cmake_link_script CMakeFiles/cmTC_2e6e6.dir/link.txt --verbose=1
/usr/bin/cc CMakeFiles/cmTC_2e6e6.dir/HAVE_STRINGS_H.c.o -o cmTC_2e6e6 
make[1]: Leaving directory '/home/qba/git/afb-libafb/tis/build/check/CMakeFiles/CMakeTmp'



Determining if files sys/types.h;errno.h;inttypes.h;limits.h;regex.h;signal.h;stdarg.h;stdint.h;stdlib.h;string.h;strings.h;sys/time.h exist passed with the following output:
Change Dir: /home/qba/git/afb-libafb/tis/build/check/CMakeFiles/CMakeTmp

Run Build Command(s):/usr/bin/make -f Makefile cmTC_f4d49/fast && /usr/bin/make  -f CMakeFiles/cmTC_f4d49.dir/build.make CMakeFiles/cmTC_f4d49.dir/build
make[1]: Entering directory '/home/qba/git/afb-libafb/tis/build/check/CMakeFiles/CMakeTmp'
Building C object CMakeFiles/cmTC_f4d49.dir/HAVE_SYS_TIME_H.c.o
/usr/bin/cc   -std=gnu99 -o CMakeFiles/cmTC_f4d49.dir/HAVE_SYS_TIME_H.c.o -c /home/qba/git/afb-libafb/tis/build/check/CMakeFiles/CheckIncludeFiles/HAVE_SYS_TIME_H.c
Linking C executable cmTC_f4d49
/usr/local/bin/cmake -E cmake_link_script CMakeFiles/cmTC_f4d49.dir/link.txt --verbose=1
/usr/bin/cc CMakeFiles/cmTC_f4d49.dir/HAVE_SYS_TIME_H.c.o -o cmTC_f4d49 
make[1]: Leaving directory '/home/qba/git/afb-libafb/tis/build/check/CMakeFiles/CMakeTmp'



Determining if files sys/types.h;errno.h;inttypes.h;limits.h;regex.h;signal.h;stdarg.h;stdint.h;stdlib.h;string.h;strings.h;sys/time.h;time.h exist passed with the following output:
Change Dir: /home/qba/git/afb-libafb/tis/build/check/CMakeFiles/CMakeTmp

Run Build Command(s):/usr/bin/make -f Makefile cmTC_b4da7/fast && /usr/bin/make  -f CMakeFiles/cmTC_b4da7.dir/build.make CMakeFiles/cmTC_b4da7.dir/build
make[1]: Entering directory '/home/qba/git/afb-libafb/tis/build/check/CMakeFiles/CMakeTmp'
Building C object CMakeFiles/cmTC_b4da7.dir/HAVE_TIME_H.c.o
/usr/bin/cc   -std=gnu99 -o CMakeFiles/cmTC_b4da7.dir/HAVE_TIME_H.c.o -c /home/qba/git/afb-libafb/tis/build/check/CMakeFiles/CheckIncludeFiles/HAVE_TIME_H.c
Linking C executable cmTC_b4da7
/usr/local/bin/cmake -E cmake_link_script CMakeFiles/cmTC_b4da7.dir/link.txt --verbose=1
/usr/bin/cc CMakeFiles/cmTC_b4da7.dir/HAVE_TIME_H.c.o -o cmTC_b4da7 
make[1]: Leaving directory '/home/qba/git/afb-libafb/tis/build/check/CMakeFiles/CMakeTmp'



Determining if files sys/types.h;errno.h;inttypes.h;limits.h;regex.h;signal.h;stdarg.h;stdint.h;stdlib.h;string.h;strings.h;sys/time.h;time.h;unistd.h exist passed with the following output:
Change Dir: /home/qba/git/afb-libafb/tis/build/check/CMakeFiles/CMakeTmp

Run Build Command(s):/usr/bin/make -f Makefile cmTC_1c1b5/fast && /usr/bin/make  -f CMakeFiles/cmTC_1c1b5.dir/build.make CMakeFiles/cmTC_1c1b5.dir/build
make[1]: Entering directory '/home/qba/git/afb-libafb/tis/build/check/CMakeFiles/CMakeTmp'
Building C object CMakeFiles/cmTC_1c1b5.dir/HAVE_UNISTD_H.c.o
/usr/bin/cc   -std=gnu99 -o CMakeFiles/cmTC_1c1b5.dir/HAVE_UNISTD_H.c.o -c /home/qba/git/afb-libafb/tis/build/check/CMakeFiles/CheckIncludeFiles/HAVE_UNISTD_H.c
Linking C executable cmTC_1c1b5
/usr/local/bin/cmake -E cmake_link_script CMakeFiles/cmTC_1c1b5.dir/link.txt --verbose=1
/usr/bin/cc CMakeFiles/cmTC_1c1b5.dir/HAVE_UNISTD_H.c.o -o cmTC_1c1b5 
make[1]: Leaving directory '/home/qba/git/afb-libafb/tis/build/check/CMakeFiles/CMakeTmp'



Determining if files sys/types.h;errno.h;inttypes.h;limits.h;regex.h;signal.h;stdarg.h;stdint.h;stdlib.h;string.h;strings.h;sys/time.h;time.h;unistd.h;pthread.h exist passed with the following output:
Change Dir: /home/qba/git/afb-libafb/tis/build/check/CMakeFiles/CMakeTmp

Run Build Command(s):/usr/bin/make -f Makefile cmTC_f400f/fast && /usr/bin/make  -f CMakeFiles/cmTC_f400f.dir/build.make CMakeFiles/cmTC_f400f.dir/build
make[1]: Entering directory '/home/qba/git/afb-libafb/tis/build/check/CMakeFiles/CMakeTmp'
Building C object CMakeFiles/cmTC_f400f.dir/HAVE_PTHREAD.c.o
/usr/bin/cc   -std=gnu99 -o CMakeFiles/cmTC_f400f.dir/HAVE_PTHREAD.c.o -c /home/qba/git/afb-libafb/tis/build/check/CMakeFiles/CheckIncludeFiles/HAVE_PTHREAD.c
Linking C executable cmTC_f400f
/usr/local/bin/cmake -E cmake_link_script CMakeFiles/cmTC_f400f.dir/link.txt --verbose=1
/usr/bin/cc CMakeFiles/cmTC_f400f.dir/HAVE_PTHREAD.c.o -o cmTC_f400f 
make[1]: Leaving directory '/home/qba/git/afb-libafb/tis/build/check/CMakeFiles/CMakeTmp'



Determining if the function fork exists passed with the following output:
Change Dir: /home/qba/git/afb-libafb/tis/build/check/CMakeFiles/CMakeTmp

Run Build Command(s):/usr/bin/make -f Makefile cmTC_4d3b4/fast && /usr/bin/make  -f CMakeFiles/cmTC_4d3b4.dir/build.make CMakeFiles/cmTC_4d3b4.dir/build
make[1]: Entering directory '/home/qba/git/afb-libafb/tis/build/check/CMakeFiles/CMakeTmp'
Building C object CMakeFiles/cmTC_4d3b4.dir/CheckFunctionExists.c.o
/usr/bin/cc   -DCHECK_FUNCTION_EXISTS=fork -std=gnu99 -o CMakeFiles/cmTC_4d3b4.dir/CheckFunctionExists.c.o -c /usr/local/share/cmake-3.20/Modules/CheckFunctionExists.c
<command-line>:0:23: warning: conflicting types for built-in function ‘fork’ [-Wbuiltin-declaration-mismatch]
/usr/local/share/cmake-3.20/Modules/CheckFunctionExists.c:7:3: note: in expansion of macro ‘CHECK_FUNCTION_EXISTS’
   CHECK_FUNCTION_EXISTS(void);
   ^~~~~~~~~~~~~~~~~~~~~
Linking C executable cmTC_4d3b4
/usr/local/bin/cmake -E cmake_link_script CMakeFiles/cmTC_4d3b4.dir/link.txt --verbose=1
/usr/bin/cc  -DCHECK_FUNCTION_EXISTS=fork CMakeFiles/cmTC_4d3b4.dir/CheckFunctionExists.c.o -o cmTC_4d3b4 
make[1]: Leaving directory '/home/qba/git/afb-libafb/tis/build/check/CMakeFiles/CMakeTmp'



Determining if the function getline exists passed with the following output:
Change Dir: /home/qba/git/afb-libafb/tis/build/check/CMakeFiles/CMakeTmp

Run Build Command(s):/usr/bin/make -f Makefile cmTC_f37cc/fast && /usr/bin/make  -f CMakeFiles/cmTC_f37cc.dir/build.make CMakeFiles/cmTC_f37cc.dir/build
make[1]: Entering directory '/home/qba/git/afb-libafb/tis/build/check/CMakeFiles/CMakeTmp'
Building C object CMakeFiles/cmTC_f37cc.dir/CheckFunctionExists.c.o
/usr/bin/cc   -DCHECK_FUNCTION_EXISTS=getline -std=gnu99 -o CMakeFiles/cmTC_f37cc.dir/CheckFunctionExists.c.o -c /usr/local/share/cmake-3.20/Modules/CheckFunctionExists.c
Linking C executable cmTC_f37cc
/usr/local/bin/cmake -E cmake_link_script CMakeFiles/cmTC_f37cc.dir/link.txt --verbose=1
/usr/bin/cc  -DCHECK_FUNCTION_EXISTS=getline CMakeFiles/cmTC_f37cc.dir/CheckFunctionExists.c.o -o cmTC_f37cc 
make[1]: Leaving directory '/home/qba/git/afb-libafb/tis/build/check/CMakeFiles/CMakeTmp'



Determining if the function getpid exists passed with the following output:
Change Dir: /home/qba/git/afb-libafb/tis/build/check/CMakeFiles/CMakeTmp

Run Build Command(s):/usr/bin/make -f Makefile cmTC_85bbf/fast && /usr/bin/make  -f CMakeFiles/cmTC_85bbf.dir/build.make CMakeFiles/cmTC_85bbf.dir/build
make[1]: Entering directory '/home/qba/git/afb-libafb/tis/build/check/CMakeFiles/CMakeTmp'
Building C object CMakeFiles/cmTC_85bbf.dir/CheckFunctionExists.c.o
/usr/bin/cc   -DCHECK_FUNCTION_EXISTS=getpid -std=gnu99 -o CMakeFiles/cmTC_85bbf.dir/CheckFunctionExists.c.o -c /usr/local/share/cmake-3.20/Modules/CheckFunctionExists.c
Linking C executable cmTC_85bbf
/usr/local/bin/cmake -E cmake_link_script CMakeFiles/cmTC_85bbf.dir/link.txt --verbose=1
/usr/bin/cc  -DCHECK_FUNCTION_EXISTS=getpid CMakeFiles/cmTC_85bbf.dir/CheckFunctionExists.c.o -o cmTC_85bbf 
make[1]: Leaving directory '/home/qba/git/afb-libafb/tis/build/check/CMakeFiles/CMakeTmp'



Determining if the function gettimeofday exists passed with the following output:
Change Dir: /home/qba/git/afb-libafb/tis/build/check/CMakeFiles/CMakeTmp

Run Build Command(s):/usr/bin/make -f Makefile cmTC_e0ad1/fast && /usr/bin/make  -f CMakeFiles/cmTC_e0ad1.dir/build.make CMakeFiles/cmTC_e0ad1.dir/build
make[1]: Entering directory '/home/qba/git/afb-libafb/tis/build/check/CMakeFiles/CMakeTmp'
Building C object CMakeFiles/cmTC_e0ad1.dir/CheckFunctionExists.c.o
/usr/bin/cc   -DCHECK_FUNCTION_EXISTS=gettimeofday -std=gnu99 -o CMakeFiles/cmTC_e0ad1.dir/CheckFunctionExists.c.o -c /usr/local/share/cmake-3.20/Modules/CheckFunctionExists.c
Linking C executable cmTC_e0ad1
/usr/local/bin/cmake -E cmake_link_script CMakeFiles/cmTC_e0ad1.dir/link.txt --verbose=1
/usr/bin/cc  -DCHECK_FUNCTION_EXISTS=gettimeofday CMakeFiles/cmTC_e0ad1.dir/CheckFunctionExists.c.o -o cmTC_e0ad1 
make[1]: Leaving directory '/home/qba/git/afb-libafb/tis/build/check/CMakeFiles/CMakeTmp'



Determining if the function localtime_r exists passed with the following output:
Change Dir: /home/qba/git/afb-libafb/tis/build/check/CMakeFiles/CMakeTmp

Run Build Command(s):/usr/bin/make -f Makefile cmTC_180a2/fast && /usr/bin/make  -f CMakeFiles/cmTC_180a2.dir/build.make CMakeFiles/cmTC_180a2.dir/build
make[1]: Entering directory '/home/qba/git/afb-libafb/tis/build/check/CMakeFiles/CMakeTmp'
Building C object CMakeFiles/cmTC_180a2.dir/CheckFunctionExists.c.o
/usr/bin/cc   -DCHECK_FUNCTION_EXISTS=localtime_r -std=gnu99 -o CMakeFiles/cmTC_180a2.dir/CheckFunctionExists.c.o -c /usr/local/share/cmake-3.20/Modules/CheckFunctionExists.c
Linking C executable cmTC_180a2
/usr/local/bin/cmake -E cmake_link_script CMakeFiles/cmTC_180a2.dir/link.txt --verbose=1
/usr/bin/cc  -DCHECK_FUNCTION_EXISTS=localtime_r CMakeFiles/cmTC_180a2.dir/CheckFunctionExists.c.o -o cmTC_180a2 
make[1]: Leaving directory '/home/qba/git/afb-libafb/tis/build/check/CMakeFiles/CMakeTmp'



Determining if the function malloc exists passed with the following output:
Change Dir: /home/qba/git/afb-libafb/tis/build/check/CMakeFiles/CMakeTmp

Run Build Command(s):/usr/bin/make -f Makefile cmTC_291a9/fast && /usr/bin/make  -f CMakeFiles/cmTC_291a9.dir/build.make CMakeFiles/cmTC_291a9.dir/build
make[1]: Entering directory '/home/qba/git/afb-libafb/tis/build/check/CMakeFiles/CMakeTmp'
Building C object CMakeFiles/cmTC_291a9.dir/CheckFunctionExists.c.o
/usr/bin/cc   -DCHECK_FUNCTION_EXISTS=malloc -std=gnu99 -o CMakeFiles/cmTC_291a9.dir/CheckFunctionExists.c.o -c /usr/local/share/cmake-3.20/Modules/CheckFunctionExists.c
<command-line>:0:23: warning: conflicting types for built-in function ‘malloc’ [-Wbuiltin-declaration-mismatch]
/usr/local/share/cmake-3.20/Modules/CheckFunctionExists.c:7:3: note: in expansion of macro ‘CHECK_FUNCTION_EXISTS’
   CHECK_FUNCTION_EXISTS(void);
   ^~~~~~~~~~~~~~~~~~~~~
Linking C executable cmTC_291a9
/usr/local/bin/cmake -E cmake_link_script CMakeFiles/cmTC_291a9.dir/link.txt --verbose=1
/usr/bin/cc  -DCHECK_FUNCTION_EXISTS=malloc CMakeFiles/cmTC_291a9.dir/CheckFunctionExists.c.o -o cmTC_291a9 
make[1]: Leaving directory '/home/qba/git/afb-libafb/tis/build/check/CMakeFiles/CMakeTmp'



Determining if the function mkstemp exists passed with the following output:
Change Dir: /home/qba/git/afb-libafb/tis/build/check/CMakeFiles/CMakeTmp

Run Build Command(s):/usr/bin/make -f Makefile cmTC_d4aac/fast && /usr/bin/make  -f CMakeFiles/cmTC_d4aac.dir/build.make CMakeFiles/cmTC_d4aac.dir/build
make[1]: Entering directory '/home/qba/git/afb-libafb/tis/build/check/CMakeFiles/CMakeTmp'
Building C object CMakeFiles/cmTC_d4aac.dir/CheckFunctionExists.c.o
/usr/bin/cc   -DCHECK_FUNCTION_EXISTS=mkstemp -std=gnu99 -o CMakeFiles/cmTC_d4aac.dir/CheckFunctionExists.c.o -c /usr/local/share/cmake-3.20/Modules/CheckFunctionExists.c
Linking C executable cmTC_d4aac
/usr/local/bin/cmake -E cmake_link_script CMakeFiles/cmTC_d4aac.dir/link.txt --verbose=1
/usr/bin/cc  -DCHECK_FUNCTION_EXISTS=mkstemp CMakeFiles/cmTC_d4aac.dir/CheckFunctionExists.c.o -o cmTC_d4aac 
make[1]: Leaving directory '/home/qba/git/afb-libafb/tis/build/check/CMakeFiles/CMakeTmp'



Determining if the function realloc exists passed with the following output:
Change Dir: /home/qba/git/afb-libafb/tis/build/check/CMakeFiles/CMakeTmp

Run Build Command(s):/usr/bin/make -f Makefile cmTC_b6d6f/fast && /usr/bin/make  -f CMakeFiles/cmTC_b6d6f.dir/build.make CMakeFiles/cmTC_b6d6f.dir/build
make[1]: Entering directory '/home/qba/git/afb-libafb/tis/build/check/CMakeFiles/CMakeTmp'
Building C object CMakeFiles/cmTC_b6d6f.dir/CheckFunctionExists.c.o
/usr/bin/cc   -DCHECK_FUNCTION_EXISTS=realloc -std=gnu99 -o CMakeFiles/cmTC_b6d6f.dir/CheckFunctionExists.c.o -c /usr/local/share/cmake-3.20/Modules/CheckFunctionExists.c
<command-line>:0:23: warning: conflicting types for built-in function ‘realloc’ [-Wbuiltin-declaration-mismatch]
/usr/local/share/cmake-3.20/Modules/CheckFunctionExists.c:7:3: note: in expansion of macro ‘CHECK_FUNCTION_EXISTS’
   CHECK_FUNCTION_EXISTS(void);
   ^~~~~~~~~~~~~~~~~~~~~
Linking C executable cmTC_b6d6f
/usr/local/bin/cmake -E cmake_link_script CMakeFiles/cmTC_b6d6f.dir/link.txt --verbose=1
/usr/bin/cc  -DCHECK_FUNCTION_EXISTS=realloc CMakeFiles/cmTC_b6d6f.dir/CheckFunctionExists.c.o -o cmTC_b6d6f 
make[1]: Leaving directory '/home/qba/git/afb-libafb/tis/build/check/CMakeFiles/CMakeTmp'



Determining if the function setenv exists passed with the following output:
Change Dir: /home/qba/git/afb-libafb/tis/build/check/CMakeFiles/CMakeTmp

Run Build Command(s):/usr/bin/make -f Makefile cmTC_06ad7/fast && /usr/bin/make  -f CMakeFiles/cmTC_06ad7.dir/build.make CMakeFiles/cmTC_06ad7.dir/build
make[1]: Entering directory '/home/qba/git/afb-libafb/tis/build/check/CMakeFiles/CMakeTmp'
Building C object CMakeFiles/cmTC_06ad7.dir/CheckFunctionExists.c.o
/usr/bin/cc   -DCHECK_FUNCTION_EXISTS=setenv -std=gnu99 -o CMakeFiles/cmTC_06ad7.dir/CheckFunctionExists.c.o -c /usr/local/share/cmake-3.20/Modules/CheckFunctionExists.c
Linking C executable cmTC_06ad7
/usr/local/bin/cmake -E cmake_link_script CMakeFiles/cmTC_06ad7.dir/link.txt --verbose=1
/usr/bin/cc  -DCHECK_FUNCTION_EXISTS=setenv CMakeFiles/cmTC_06ad7.dir/CheckFunctionExists.c.o -o cmTC_06ad7 
make[1]: Leaving directory '/home/qba/git/afb-libafb/tis/build/check/CMakeFiles/CMakeTmp'



Determining if the function sigaction exists passed with the following output:
Change Dir: /home/qba/git/afb-libafb/tis/build/check/CMakeFiles/CMakeTmp

Run Build Command(s):/usr/bin/make -f Makefile cmTC_40d4e/fast && /usr/bin/make  -f CMakeFiles/cmTC_40d4e.dir/build.make CMakeFiles/cmTC_40d4e.dir/build
make[1]: Entering directory '/home/qba/git/afb-libafb/tis/build/check/CMakeFiles/CMakeTmp'
Building C object CMakeFiles/cmTC_40d4e.dir/CheckFunctionExists.c.o
/usr/bin/cc   -DCHECK_FUNCTION_EXISTS=sigaction -std=gnu99 -o CMakeFiles/cmTC_40d4e.dir/CheckFunctionExists.c.o -c /usr/local/share/cmake-3.20/Modules/CheckFunctionExists.c
Linking C executable cmTC_40d4e
/usr/local/bin/cmake -E cmake_link_script CMakeFiles/cmTC_40d4e.dir/link.txt --verbose=1
/usr/bin/cc  -DCHECK_FUNCTION_EXISTS=sigaction CMakeFiles/cmTC_40d4e.dir/CheckFunctionExists.c.o -o cmTC_40d4e 
make[1]: Leaving directory '/home/qba/git/afb-libafb/tis/build/check/CMakeFiles/CMakeTmp'



Determining if the function strdup exists passed with the following output:
Change Dir: /home/qba/git/afb-libafb/tis/build/check/CMakeFiles/CMakeTmp

Run Build Command(s):/usr/bin/make -f Makefile cmTC_f8f56/fast && /usr/bin/make  -f CMakeFiles/cmTC_f8f56.dir/build.make CMakeFiles/cmTC_f8f56.dir/build
make[1]: Entering directory '/home/qba/git/afb-libafb/tis/build/check/CMakeFiles/CMakeTmp'
Building C object CMakeFiles/cmTC_f8f56.dir/CheckFunctionExists.c.o
/usr/bin/cc   -DCHECK_FUNCTION_EXISTS=strdup -std=gnu99 -o CMakeFiles/cmTC_f8f56.dir/CheckFunctionExists.c.o -c /usr/local/share/cmake-3.20/Modules/CheckFunctionExists.c
<command-line>:0:23: warning: conflicting types for built-in function ‘strdup’ [-Wbuiltin-declaration-mismatch]
/usr/local/share/cmake-3.20/Modules/CheckFunctionExists.c:7:3: note: in expansion of macro ‘CHECK_FUNCTION_EXISTS’
   CHECK_FUNCTION_EXISTS(void);
   ^~~~~~~~~~~~~~~~~~~~~
Linking C executable cmTC_f8f56
/usr/local/bin/cmake -E cmake_link_script CMakeFiles/cmTC_f8f56.dir/link.txt --verbose=1
/usr/bin/cc  -DCHECK_FUNCTION_EXISTS=strdup CMakeFiles/cmTC_f8f56.dir/CheckFunctionExists.c.o -o cmTC_f8f56 
make[1]: Leaving directory '/home/qba/git/afb-libafb/tis/build/check/CMakeFiles/CMakeTmp'



Determining if the function strsignal exists passed with the following output:
Change Dir: /home/qba/git/afb-libafb/tis/build/check/CMakeFiles/CMakeTmp

Run Build Command(s):/usr/bin/make -f Makefile cmTC_b3963/fast && /usr/bin/make  -f CMakeFiles/cmTC_b3963.dir/build.make CMakeFiles/cmTC_b3963.dir/build
make[1]: Entering directory '/home/qba/git/afb-libafb/tis/build/check/CMakeFiles/CMakeTmp'
Building C object CMakeFiles/cmTC_b3963.dir/CheckFunctionExists.c.o
/usr/bin/cc   -DCHECK_FUNCTION_EXISTS=strsignal -std=gnu99 -o CMakeFiles/cmTC_b3963.dir/CheckFunctionExists.c.o -c /usr/local/share/cmake-3.20/Modules/CheckFunctionExists.c
Linking C executable cmTC_b3963
/usr/local/bin/cmake -E cmake_link_script CMakeFiles/cmTC_b3963.dir/link.txt --verbose=1
/usr/bin/cc  -DCHECK_FUNCTION_EXISTS=strsignal CMakeFiles/cmTC_b3963.dir/CheckFunctionExists.c.o -o cmTC_b3963 
make[1]: Leaving directory '/home/qba/git/afb-libafb/tis/build/check/CMakeFiles/CMakeTmp'



Determining if the function alarm exists passed with the following output:
Change Dir: /home/qba/git/afb-libafb/tis/build/check/CMakeFiles/CMakeTmp

Run Build Command(s):/usr/bin/make -f Makefile cmTC_6dad6/fast && /usr/bin/make  -f CMakeFiles/cmTC_6dad6.dir/build.make CMakeFiles/cmTC_6dad6.dir/build
make[1]: Entering directory '/home/qba/git/afb-libafb/tis/build/check/CMakeFiles/CMakeTmp'
Building C object CMakeFiles/cmTC_6dad6.dir/CheckFunctionExists.c.o
/usr/bin/cc   -DCHECK_FUNCTION_EXISTS=alarm -std=gnu99 -o CMakeFiles/cmTC_6dad6.dir/CheckFunctionExists.c.o -c /usr/local/share/cmake-3.20/Modules/CheckFunctionExists.c
Linking C executable cmTC_6dad6
/usr/local/bin/cmake -E cmake_link_script CMakeFiles/cmTC_6dad6.dir/link.txt --verbose=1
/usr/bin/cc  -DCHECK_FUNCTION_EXISTS=alarm CMakeFiles/cmTC_6dad6.dir/CheckFunctionExists.c.o -o cmTC_6dad6 
make[1]: Leaving directory '/home/qba/git/afb-libafb/tis/build/check/CMakeFiles/CMakeTmp'



Determining if the function regcomp exists passed with the following output:
Change Dir: /home/qba/git/afb-libafb/tis/build/check/CMakeFiles/CMakeTmp

Run Build Command(s):/usr/bin/make -f Makefile cmTC_cd01d/fast && /usr/bin/make  -f CMakeFiles/cmTC_cd01d.dir/build.make CMakeFiles/cmTC_cd01d.dir/build
make[1]: Entering directory '/home/qba/git/afb-libafb/tis/build/check/CMakeFiles/CMakeTmp'
Building C object CMakeFiles/cmTC_cd01d.dir/CheckFunctionExists.c.o
/usr/bin/cc   -DCHECK_FUNCTION_EXISTS=regcomp -std=gnu99 -o CMakeFiles/cmTC_cd01d.dir/CheckFunctionExists.c.o -c /usr/local/share/cmake-3.20/Modules/CheckFunctionExists.c
Linking C executable cmTC_cd01d
/usr/local/bin/cmake -E cmake_link_script CMakeFiles/cmTC_cd01d.dir/link.txt --verbose=1
/usr/bin/cc  -DCHECK_FUNCTION_EXISTS=regcomp CMakeFiles/cmTC_cd01d.dir/CheckFunctionExists.c.o -o cmTC_cd01d 
make[1]: Leaving directory '/home/qba/git/afb-libafb/tis/build/check/CMakeFiles/CMakeTmp'



Determining if the function regexec exists passed with the following output:
Change Dir: /home/qba/git/afb-libafb/tis/build/check/CMakeFiles/CMakeTmp

Run Build Command(s):/usr/bin/make -f Makefile cmTC_8d6e0/fast && /usr/bin/make  -f CMakeFiles/cmTC_8d6e0.dir/build.make CMakeFiles/cmTC_8d6e0.dir/build
make[1]: Entering directory '/home/qba/git/afb-libafb/tis/build/check/CMakeFiles/CMakeTmp'
Building C object CMakeFiles/cmTC_8d6e0.dir/CheckFunctionExists.c.o
/usr/bin/cc   -DCHECK_FUNCTION_EXISTS=regexec -std=gnu99 -o CMakeFiles/cmTC_8d6e0.dir/CheckFunctionExists.c.o -c /usr/local/share/cmake-3.20/Modules/CheckFunctionExists.c
Linking C executable cmTC_8d6e0
/usr/local/bin/cmake -E cmake_link_script CMakeFiles/cmTC_8d6e0.dir/link.txt --verbose=1
/usr/bin/cc  -DCHECK_FUNCTION_EXISTS=regexec CMakeFiles/cmTC_8d6e0.dir/CheckFunctionExists.c.o -o cmTC_8d6e0 
make[1]: Leaving directory '/home/qba/git/afb-libafb/tis/build/check/CMakeFiles/CMakeTmp'



Determining if the function snprintf exists passed with the following output:
Change Dir: /home/qba/git/afb-libafb/tis/build/check/CMakeFiles/CMakeTmp

Run Build Command(s):/usr/bin/make -f Makefile cmTC_12f13/fast && /usr/bin/make  -f CMakeFiles/cmTC_12f13.dir/build.make CMakeFiles/cmTC_12f13.dir/build
make[1]: Entering directory '/home/qba/git/afb-libafb/tis/build/check/CMakeFiles/CMakeTmp'
Building C object CMakeFiles/cmTC_12f13.dir/CheckFunctionExists.c.o
/usr/bin/cc   -DCHECK_FUNCTION_EXISTS=snprintf -std=gnu99 -o CMakeFiles/cmTC_12f13.dir/CheckFunctionExists.c.o -c /usr/local/share/cmake-3.20/Modules/CheckFunctionExists.c
<command-line>:0:23: warning: conflicting types for built-in function ‘snprintf’ [-Wbuiltin-declaration-mismatch]
/usr/local/share/cmake-3.20/Modules/CheckFunctionExists.c:7:3: note: in expansion of macro ‘CHECK_FUNCTION_EXISTS’
   CHECK_FUNCTION_EXISTS(void);
   ^~~~~~~~~~~~~~~~~~~~~
Linking C executable cmTC_12f13
/usr/local/bin/cmake -E cmake_link_script CMakeFiles/cmTC_12f13.dir/link.txt --verbose=1
/usr/bin/cc  -DCHECK_FUNCTION_EXISTS=snprintf CMakeFiles/cmTC_12f13.dir/CheckFunctionExists.c.o -o cmTC_12f13 
make[1]: Leaving directory '/home/qba/git/afb-libafb/tis/build/check/CMakeFiles/CMakeTmp'



Determining if the function vsnprintf exists passed with the following output:
Change Dir: /home/qba/git/afb-libafb/tis/build/check/CMakeFiles/CMakeTmp

Run Build Command(s):/usr/bin/make -f Makefile cmTC_e9794/fast && /usr/bin/make  -f CMakeFiles/cmTC_e9794.dir/build.make CMakeFiles/cmTC_e9794.dir/build
make[1]: Entering directory '/home/qba/git/afb-libafb/tis/build/check/CMakeFiles/CMakeTmp'
Building C object CMakeFiles/cmTC_e9794.dir/CheckFunctionExists.c.o
/usr/bin/cc   -DCHECK_FUNCTION_EXISTS=vsnprintf -std=gnu99 -o CMakeFiles/cmTC_e9794.dir/CheckFunctionExists.c.o -c /usr/local/share/cmake-3.20/Modules/CheckFunctionExists.c
<command-line>:0:23: warning: conflicting types for built-in function ‘vsnprintf’ [-Wbuiltin-declaration-mismatch]
/usr/local/share/cmake-3.20/Modules/CheckFunctionExists.c:7:3: note: in expansion of macro ‘CHECK_FUNCTION_EXISTS’
   CHECK_FUNCTION_EXISTS(void);
   ^~~~~~~~~~~~~~~~~~~~~
Linking C executable cmTC_e9794
/usr/local/bin/cmake -E cmake_link_script CMakeFiles/cmTC_e9794.dir/link.txt --verbose=1
/usr/bin/cc  -DCHECK_FUNCTION_EXISTS=vsnprintf CMakeFiles/cmTC_e9794.dir/CheckFunctionExists.c.o -o cmTC_e9794 
make[1]: Leaving directory '/home/qba/git/afb-libafb/tis/build/check/CMakeFiles/CMakeTmp'



Determining if the snprintf exist passed with the following output:
Change Dir: /home/qba/git/afb-libafb/tis/build/check/CMakeFiles/CMakeTmp

Run Build Command(s):/usr/bin/make -f Makefile cmTC_4fac2/fast && /usr/bin/make  -f CMakeFiles/cmTC_4fac2.dir/build.make CMakeFiles/cmTC_4fac2.dir/build
make[1]: Entering directory '/home/qba/git/afb-libafb/tis/build/check/CMakeFiles/CMakeTmp'
Building C object CMakeFiles/cmTC_4fac2.dir/CheckSymbolExists.c.o
/usr/bin/cc   -std=gnu99 -o CMakeFiles/cmTC_4fac2.dir/CheckSymbolExists.c.o -c /home/qba/git/afb-libafb/tis/build/check/CMakeFiles/CMakeTmp/CheckSymbolExists.c
Linking C executable cmTC_4fac2
/usr/local/bin/cmake -E cmake_link_script CMakeFiles/cmTC_4fac2.dir/link.txt --verbose=1
/usr/bin/cc CMakeFiles/cmTC_4fac2.dir/CheckSymbolExists.c.o -o cmTC_4fac2 
make[1]: Leaving directory '/home/qba/git/afb-libafb/tis/build/check/CMakeFiles/CMakeTmp'


File /home/qba/git/afb-libafb/tis/build/check/CMakeFiles/CMakeTmp/CheckSymbolExists.c:
/* */
#include <stdio.h>

int main(int argc, char** argv)
{
  (void)argv;
#ifndef snprintf
  return ((int*)(&snprintf))[argc];
#else
  (void)argc;
  return 0;
#endif
}
Determining if the vsnprintf exist passed with the following output:
Change Dir: /home/qba/git/afb-libafb/tis/build/check/CMakeFiles/CMakeTmp

Run Build Command(s):/usr/bin/make -f Makefile cmTC_c59ae/fast && /usr/bin/make  -f CMakeFiles/cmTC_c59ae.dir/build.make CMakeFiles/cmTC_c59ae.dir/build
make[1]: Entering directory '/home/qba/git/afb-libafb/tis/build/check/CMakeFiles/CMakeTmp'
Building C object CMakeFiles/cmTC_c59ae.dir/CheckSymbolExists.c.o
/usr/bin/cc   -std=gnu99 -o CMakeFiles/cmTC_c59ae.dir/CheckSymbolExists.c.o -c /home/qba/git/afb-libafb/tis/build/check/CMakeFiles/CMakeTmp/CheckSymbolExists.c
Linking C executable cmTC_c59ae
/usr/local/bin/cmake -E cmake_link_script CMakeFiles/cmTC_c59ae.dir/link.txt --verbose=1
/usr/bin/cc CMakeFiles/cmTC_c59ae.dir/CheckSymbolExists.c.o -o cmTC_c59ae 
make[1]: Leaving directory '/home/qba/git/afb-libafb/tis/build/check/CMakeFiles/CMakeTmp'


File /home/qba/git/afb-libafb/tis/build/check/CMakeFiles/CMakeTmp/CheckSymbolExists.c:
/* */
#include <stdio.h>

int main(int argc, char** argv)
{
  (void)argv;
#ifndef vsnprintf
  return ((int*)(&vsnprintf))[argc];
#else
  (void)argc;
  return 0;
#endif
}
Performing C SOURCE FILE Test HAVE_PTHREADS_FLAG succeeded with the following output:
Change Dir: /home/qba/git/afb-libafb/tis/build/check/CMakeFiles/CMakeTmp

Run Build Command(s):/usr/bin/make -f Makefile cmTC_945b6/fast && /usr/bin/make  -f CMakeFiles/cmTC_945b6.dir/build.make CMakeFiles/cmTC_945b6.dir/build
make[1]: Entering directory '/home/qba/git/afb-libafb/tis/build/check/CMakeFiles/CMakeTmp'
Building C object CMakeFiles/cmTC_945b6.dir/src.c.o
/usr/bin/cc -DHAVE_PTHREADS_FLAG  -pthread -std=gnu99 -o CMakeFiles/cmTC_945b6.dir/src.c.o -c /home/qba/git/afb-libafb/tis/build/check/CMakeFiles/CMakeTmp/src.c
Linking C executable cmTC_945b6
/usr/local/bin/cmake -E cmake_link_script CMakeFiles/cmTC_945b6.dir/link.txt --verbose=1
/usr/bin/cc CMakeFiles/cmTC_945b6.dir/src.c.o -o cmTC_945b6 
make[1]: Leaving directory '/home/qba/git/afb-libafb/tis/build/check/CMakeFiles/CMakeTmp'


Source file was:
int main(void) { return 0; }
Determining if the INT64_MAX exist passed with the following output:
Change Dir: /home/qba/git/afb-libafb/tis/build/check/CMakeFiles/CMakeTmp

Run Build Command(s):/usr/bin/make -f Makefile cmTC_55e0e/fast && /usr/bin/make  -f CMakeFiles/cmTC_55e0e.dir/build.make CMakeFiles/cmTC_55e0e.dir/build
make[1]: Entering directory '/home/qba/git/afb-libafb/tis/build/check/CMakeFiles/CMakeTmp'
Building C object CMakeFiles/cmTC_55e0e.dir/CheckSymbolExists.c.o
/usr/bin/cc   -std=gnu99 -o CMakeFiles/cmTC_55e0e.dir/CheckSymbolExists.c.o -c /home/qba/git/afb-libafb/tis/build/check/CMakeFiles/CMakeTmp/CheckSymbolExists.c
Linking C executable cmTC_55e0e
/usr/local/bin/cmake -E cmake_link_script CMakeFiles/cmTC_55e0e.dir/link.txt --verbose=1
/usr/bin/cc CMakeFiles/cmTC_55e0e.dir/CheckSymbolExists.c.o -o cmTC_55e0e 
make[1]: Leaving directory '/home/qba/git/afb-libafb/tis/build/check/CMakeFiles/CMakeTmp'


File /home/qba/git/afb-libafb/tis/build/check/CMakeFiles/CMakeTmp/CheckSymbolExists.c:
/* */
#include <limits.h>
#include <stdint.h>
#include <inttypes.h>

int main(int argc, char** argv)
{
  (void)argv;
#ifndef INT64_MAX
  return ((int*)(&INT64_MAX))[argc];
#else
  (void)argc;
  return 0;
#endif
}
Determining if the INT64_MIN exist passed with the following output:
Change Dir: /home/qba/git/afb-libafb/tis/build/check/CMakeFiles/CMakeTmp

Run Build Command(s):/usr/bin/make -f Makefile cmTC_e19e8/fast && /usr/bin/make  -f CMakeFiles/cmTC_e19e8.dir/build.make CMakeFiles/cmTC_e19e8.dir/build
make[1]: Entering directory '/home/qba/git/afb-libafb/tis/build/check/CMakeFiles/CMakeTmp'
Building C object CMakeFiles/cmTC_e19e8.dir/CheckSymbolExists.c.o
/usr/bin/cc   -std=gnu99 -o CMakeFiles/cmTC_e19e8.dir/CheckSymbolExists.c.o -c /home/qba/git/afb-libafb/tis/build/check/CMakeFiles/CMakeTmp/CheckSymbolExists.c
Linking C executable cmTC_e19e8
/usr/local/bin/cmake -E cmake_link_script CMakeFiles/cmTC_e19e8.dir/link.txt --verbose=1
/usr/bin/cc CMakeFiles/cmTC_e19e8.dir/CheckSymbolExists.c.o -o cmTC_e19e8 
make[1]: Leaving directory '/home/qba/git/afb-libafb/tis/build/check/CMakeFiles/CMakeTmp'


File /home/qba/git/afb-libafb/tis/build/check/CMakeFiles/CMakeTmp/CheckSymbolExists.c:
/* */
#include <limits.h>
#include <stdint.h>
#include <inttypes.h>

int main(int argc, char** argv)
{
  (void)argv;
#ifndef INT64_MIN
  return ((int*)(&INT64_MIN))[argc];
#else
  (void)argc;
  return 0;
#endif
}
Determining if the UINT32_MAX exist passed with the following output:
Change Dir: /home/qba/git/afb-libafb/tis/build/check/CMakeFiles/CMakeTmp

Run Build Command(s):/usr/bin/make -f Makefile cmTC_596d0/fast && /usr/bin/make  -f CMakeFiles/cmTC_596d0.dir/build.make CMakeFiles/cmTC_596d0.dir/build
make[1]: Entering directory '/home/qba/git/afb-libafb/tis/build/check/CMakeFiles/CMakeTmp'
Building C object CMakeFiles/cmTC_596d0.dir/CheckSymbolExists.c.o
/usr/bin/cc   -std=gnu99 -o CMakeFiles/cmTC_596d0.dir/CheckSymbolExists.c.o -c /home/qba/git/afb-libafb/tis/build/check/CMakeFiles/CMakeTmp/CheckSymbolExists.c
Linking C executable cmTC_596d0
/usr/local/bin/cmake -E cmake_link_script CMakeFiles/cmTC_596d0.dir/link.txt --verbose=1
/usr/bin/cc CMakeFiles/cmTC_596d0.dir/CheckSymbolExists.c.o -o cmTC_596d0 
make[1]: Leaving directory '/home/qba/git/afb-libafb/tis/build/check/CMakeFiles/CMakeTmp'


File /home/qba/git/afb-libafb/tis/build/check/CMakeFiles/CMakeTmp/CheckSymbolExists.c:
/* */
#include <limits.h>
#include <stdint.h>
#include <inttypes.h>

int main(int argc, char** argv)
{
  (void)argv;
#ifndef UINT32_MAX
  return ((int*)(&UINT32_MAX))[argc];
#else
  (void)argc;
  return 0;
#endif
}
Determining if the UINT64_MAX exist passed with the following output:
Change Dir: /home/qba/git/afb-libafb/tis/build/check/CMakeFiles/CMakeTmp

Run Build Command(s):/usr/bin/make -f Makefile cmTC_b6bd9/fast && /usr/bin/make  -f CMakeFiles/cmTC_b6bd9.dir/build.make CMakeFiles/cmTC_b6bd9.dir/build
make[1]: Entering directory '/home/qba/git/afb-libafb/tis/build/check/CMakeFiles/CMakeTmp'
Building C object CMakeFiles/cmTC_b6bd9.dir/CheckSymbolExists.c.o
/usr/bin/cc   -std=gnu99 -o CMakeFiles/cmTC_b6bd9.dir/CheckSymbolExists.c.o -c /home/qba/git/afb-libafb/tis/build/check/CMakeFiles/CMakeTmp/CheckSymbolExists.c
Linking C executable cmTC_b6bd9
/usr/local/bin/cmake -E cmake_link_script CMakeFiles/cmTC_b6bd9.dir/link.txt --verbose=1
/usr/bin/cc CMakeFiles/cmTC_b6bd9.dir/CheckSymbolExists.c.o -o cmTC_b6bd9 
make[1]: Leaving directory '/home/qba/git/afb-libafb/tis/build/check/CMakeFiles/CMakeTmp'


File /home/qba/git/afb-libafb/tis/build/check/CMakeFiles/CMakeTmp/CheckSymbolExists.c:
/* */
#include <limits.h>
#include <stdint.h>
#include <inttypes.h>

int main(int argc, char** argv)
{
  (void)argv;
#ifndef UINT64_MAX
  return ((int*)(&UINT64_MAX))[argc];
#else
  (void)argc;
  return 0;
#endif
}
Determining if the SIZE_MAX exist passed with the following output:
Change Dir: /home/qba/git/afb-libafb/tis/build/check/CMakeFiles/CMakeTmp

Run Build Command(s):/usr/bin/make -f Makefile cmTC_ba3b2/fast && /usr/bin/make  -f CMakeFiles/cmTC_ba3b2.dir/build.make CMakeFiles/cmTC_ba3b2.dir/build
make[1]: Entering directory '/home/qba/git/afb-libafb/tis/build/check/CMakeFiles/CMakeTmp'
Building C object CMakeFiles/cmTC_ba3b2.dir/CheckSymbolExists.c.o
/usr/bin/cc   -std=gnu99 -o CMakeFiles/cmTC_ba3b2.dir/CheckSymbolExists.c.o -c /home/qba/git/afb-libafb/tis/build/check/CMakeFiles/CMakeTmp/CheckSymbolExists.c
Linking C executable cmTC_ba3b2
/usr/local/bin/cmake -E cmake_link_script CMakeFiles/cmTC_ba3b2.dir/link.txt --verbose=1
/usr/bin/cc CMakeFiles/cmTC_ba3b2.dir/CheckSymbolExists.c.o -o cmTC_ba3b2 
make[1]: Leaving directory '/home/qba/git/afb-libafb/tis/build/check/CMakeFiles/CMakeTmp'


File /home/qba/git/afb-libafb/tis/build/check/CMakeFiles/CMakeTmp/CheckSymbolExists.c:
/* */
#include <limits.h>
#include <stdint.h>
#include <inttypes.h>

int main(int argc, char** argv)
{
  (void)argv;
#ifndef SIZE_MAX
  return ((int*)(&SIZE_MAX))[argc];
#else
  (void)argc;
  return 0;
#endif
}
Determining if the SSIZE_MAX exist passed with the following output:
Change Dir: /home/qba/git/afb-libafb/tis/build/check/CMakeFiles/CMakeTmp

Run Build Command(s):/usr/bin/make -f Makefile cmTC_10163/fast && /usr/bin/make  -f CMakeFiles/cmTC_10163.dir/build.make CMakeFiles/cmTC_10163.dir/build
make[1]: Entering directory '/home/qba/git/afb-libafb/tis/build/check/CMakeFiles/CMakeTmp'
Building C object CMakeFiles/cmTC_10163.dir/CheckSymbolExists.c.o
/usr/bin/cc   -std=gnu99 -o CMakeFiles/cmTC_10163.dir/CheckSymbolExists.c.o -c /home/qba/git/afb-libafb/tis/build/check/CMakeFiles/CMakeTmp/CheckSymbolExists.c
Linking C executable cmTC_10163
/usr/local/bin/cmake -E cmake_link_script CMakeFiles/cmTC_10163.dir/link.txt --verbose=1
/usr/bin/cc CMakeFiles/cmTC_10163.dir/CheckSymbolExists.c.o -o cmTC_10163 
make[1]: Leaving directory '/home/qba/git/afb-libafb/tis/build/check/CMakeFiles/CMakeTmp'


File /home/qba/git/afb-libafb/tis/build/check/CMakeFiles/CMakeTmp/CheckSymbolExists.c:
/* */
#include <limits.h>

int main(int argc, char** argv)
{
  (void)argv;
#ifndef SSIZE_MAX
  return ((int*)(&SSIZE_MAX))[argc];
#else
  (void)argc;
  return 0;
#endif
}
Determining if the include file stddef.h exists passed with the following output:
Change Dir: /home/qba/git/afb-libafb/tis/build/check/CMakeFiles/CMakeTmp

Run Build Command(s):/usr/bin/make -f Makefile cmTC_418b5/fast && /usr/bin/make  -f CMakeFiles/cmTC_418b5.dir/build.make CMakeFiles/cmTC_418b5.dir/build
make[1]: Entering directory '/home/qba/git/afb-libafb/tis/build/check/CMakeFiles/CMakeTmp'
Building C object CMakeFiles/cmTC_418b5.dir/CheckIncludeFile.c.o
/usr/bin/cc   -std=gnu99 -o CMakeFiles/cmTC_418b5.dir/CheckIncludeFile.c.o -c /home/qba/git/afb-libafb/tis/build/check/CMakeFiles/CMakeTmp/CheckIncludeFile.c
Linking C executable cmTC_418b5
/usr/local/bin/cmake -E cmake_link_script CMakeFiles/cmTC_418b5.dir/link.txt --verbose=1
/usr/bin/cc CMakeFiles/cmTC_418b5.dir/CheckIncludeFile.c.o -o cmTC_418b5 
make[1]: Leaving directory '/home/qba/git/afb-libafb/tis/build/check/CMakeFiles/CMakeTmp'



Determining size of short passed with the following output:
Change Dir: /home/qba/git/afb-libafb/tis/build/check/CMakeFiles/CMakeTmp

Run Build Command(s):/usr/bin/make -f Makefile cmTC_22453/fast && /usr/bin/make  -f CMakeFiles/cmTC_22453.dir/build.make CMakeFiles/cmTC_22453.dir/build
make[1]: Entering directory '/home/qba/git/afb-libafb/tis/build/check/CMakeFiles/CMakeTmp'
Building C object CMakeFiles/cmTC_22453.dir/SIZE_OF_SHORT.c.o
/usr/bin/cc   -std=gnu99 -o CMakeFiles/cmTC_22453.dir/SIZE_OF_SHORT.c.o -c /home/qba/git/afb-libafb/tis/build/check/CMakeFiles/CheckTypeSize/SIZE_OF_SHORT.c
Linking C executable cmTC_22453
/usr/local/bin/cmake -E cmake_link_script CMakeFiles/cmTC_22453.dir/link.txt --verbose=1
/usr/bin/cc CMakeFiles/cmTC_22453.dir/SIZE_OF_SHORT.c.o -o cmTC_22453 
make[1]: Leaving directory '/home/qba/git/afb-libafb/tis/build/check/CMakeFiles/CMakeTmp'



Determining size of int passed with the following output:
Change Dir: /home/qba/git/afb-libafb/tis/build/check/CMakeFiles/CMakeTmp

Run Build Command(s):/usr/bin/make -f Makefile cmTC_d7112/fast && /usr/bin/make  -f CMakeFiles/cmTC_d7112.dir/build.make CMakeFiles/cmTC_d7112.dir/build
make[1]: Entering directory '/home/qba/git/afb-libafb/tis/build/check/CMakeFiles/CMakeTmp'
Building C object CMakeFiles/cmTC_d7112.dir/SIZE_OF_INT.c.o
/usr/bin/cc   -std=gnu99 -o CMakeFiles/cmTC_d7112.dir/SIZE_OF_INT.c.o -c /home/qba/git/afb-libafb/tis/build/check/CMakeFiles/CheckTypeSize/SIZE_OF_INT.c
Linking C executable cmTC_d7112
/usr/local/bin/cmake -E cmake_link_script CMakeFiles/cmTC_d7112.dir/link.txt --verbose=1
/usr/bin/cc CMakeFiles/cmTC_d7112.dir/SIZE_OF_INT.c.o -o cmTC_d7112 
make[1]: Leaving directory '/home/qba/git/afb-libafb/tis/build/check/CMakeFiles/CMakeTmp'



Determining size of long passed with the following output:
Change Dir: /home/qba/git/afb-libafb/tis/build/check/CMakeFiles/CMakeTmp

Run Build Command(s):/usr/bin/make -f Makefile cmTC_4455d/fast && /usr/bin/make  -f CMakeFiles/cmTC_4455d.dir/build.make CMakeFiles/cmTC_4455d.dir/build
make[1]: Entering directory '/home/qba/git/afb-libafb/tis/build/check/CMakeFiles/CMakeTmp'
Building C object CMakeFiles/cmTC_4455d.dir/SIZE_OF_LONG.c.o
/usr/bin/cc   -std=gnu99 -o CMakeFiles/cmTC_4455d.dir/SIZE_OF_LONG.c.o -c /home/qba/git/afb-libafb/tis/build/check/CMakeFiles/CheckTypeSize/SIZE_OF_LONG.c
Linking C executable cmTC_4455d
/usr/local/bin/cmake -E cmake_link_script CMakeFiles/cmTC_4455d.dir/link.txt --verbose=1
/usr/bin/cc CMakeFiles/cmTC_4455d.dir/SIZE_OF_LONG.c.o -o cmTC_4455d 
make[1]: Leaving directory '/home/qba/git/afb-libafb/tis/build/check/CMakeFiles/CMakeTmp'



Determining size of long long passed with the following output:
Change Dir: /home/qba/git/afb-libafb/tis/build/check/CMakeFiles/CMakeTmp

Run Build Command(s):/usr/bin/make -f Makefile cmTC_19ef0/fast && /usr/bin/make  -f CMakeFiles/cmTC_19ef0.dir/build.make CMakeFiles/cmTC_19ef0.dir/build
make[1]: Entering directory '/home/qba/git/afb-libafb/tis/build/check/CMakeFiles/CMakeTmp'
Building C object CMakeFiles/cmTC_19ef0.dir/SIZE_OF_LONG_LONG.c.o
/usr/bin/cc   -std=gnu99 -o CMakeFiles/cmTC_19ef0.dir/SIZE_OF_LONG_LONG.c.o -c /home/qba/git/afb-libafb/tis/build/check/CMakeFiles/CheckTypeSize/SIZE_OF_LONG_LONG.c
Linking C executable cmTC_19ef0
/usr/local/bin/cmake -E cmake_link_script CMakeFiles/cmTC_19ef0.dir/link.txt --verbose=1
/usr/bin/cc CMakeFiles/cmTC_19ef0.dir/SIZE_OF_LONG_LONG.c.o -o cmTC_19ef0 
make[1]: Leaving directory '/home/qba/git/afb-libafb/tis/build/check/CMakeFiles/CMakeTmp'



Determining size of unsigned short passed with the following output:
Change Dir: /home/qba/git/afb-libafb/tis/build/check/CMakeFiles/CMakeTmp

Run Build Command(s):/usr/bin/make -f Makefile cmTC_938c3/fast && /usr/bin/make  -f CMakeFiles/cmTC_938c3.dir/build.make CMakeFiles/cmTC_938c3.dir/build
make[1]: Entering directory '/home/qba/git/afb-libafb/tis/build/check/CMakeFiles/CMakeTmp'
Building C object CMakeFiles/cmTC_938c3.dir/SIZE_OF_UNSIGNED_SHORT.c.o
/usr/bin/cc   -std=gnu99 -o CMakeFiles/cmTC_938c3.dir/SIZE_OF_UNSIGNED_SHORT.c.o -c /home/qba/git/afb-libafb/tis/build/check/CMakeFiles/CheckTypeSize/SIZE_OF_UNSIGNED_SHORT.c
Linking C executable cmTC_938c3
/usr/local/bin/cmake -E cmake_link_script CMakeFiles/cmTC_938c3.dir/link.txt --verbose=1
/usr/bin/cc CMakeFiles/cmTC_938c3.dir/SIZE_OF_UNSIGNED_SHORT.c.o -o cmTC_938c3 
make[1]: Leaving directory '/home/qba/git/afb-libafb/tis/build/check/CMakeFiles/CMakeTmp'



Determining size of unsigned passed with the following output:
Change Dir: /home/qba/git/afb-libafb/tis/build/check/CMakeFiles/CMakeTmp

Run Build Command(s):/usr/bin/make -f Makefile cmTC_6cc96/fast && /usr/bin/make  -f CMakeFiles/cmTC_6cc96.dir/build.make CMakeFiles/cmTC_6cc96.dir/build
make[1]: Entering directory '/home/qba/git/afb-libafb/tis/build/check/CMakeFiles/CMakeTmp'
Building C object CMakeFiles/cmTC_6cc96.dir/SIZE_OF_UNSIGNED.c.o
/usr/bin/cc   -std=gnu99 -o CMakeFiles/cmTC_6cc96.dir/SIZE_OF_UNSIGNED.c.o -c /home/qba/git/afb-libafb/tis/build/check/CMakeFiles/CheckTypeSize/SIZE_OF_UNSIGNED.c
Linking C executable cmTC_6cc96
/usr/local/bin/cmake -E cmake_link_script CMakeFiles/cmTC_6cc96.dir/link.txt --verbose=1
/usr/bin/cc CMakeFiles/cmTC_6cc96.dir/SIZE_OF_UNSIGNED.c.o -o cmTC_6cc96 
make[1]: Leaving directory '/home/qba/git/afb-libafb/tis/build/check/CMakeFiles/CMakeTmp'



Determining size of unsigned long passed with the following output:
Change Dir: /home/qba/git/afb-libafb/tis/build/check/CMakeFiles/CMakeTmp

Run Build Command(s):/usr/bin/make -f Makefile cmTC_05bc3/fast && /usr/bin/make  -f CMakeFiles/cmTC_05bc3.dir/build.make CMakeFiles/cmTC_05bc3.dir/build
make[1]: Entering directory '/home/qba/git/afb-libafb/tis/build/check/CMakeFiles/CMakeTmp'
Building C object CMakeFiles/cmTC_05bc3.dir/SIZE_OF_UNSIGNED_LONG.c.o
/usr/bin/cc   -std=gnu99 -o CMakeFiles/cmTC_05bc3.dir/SIZE_OF_UNSIGNED_LONG.c.o -c /home/qba/git/afb-libafb/tis/build/check/CMakeFiles/CheckTypeSize/SIZE_OF_UNSIGNED_LONG.c
Linking C executable cmTC_05bc3
/usr/local/bin/cmake -E cmake_link_script CMakeFiles/cmTC_05bc3.dir/link.txt --verbose=1
/usr/bin/cc CMakeFiles/cmTC_05bc3.dir/SIZE_OF_UNSIGNED_LONG.c.o -o cmTC_05bc3 
make[1]: Leaving directory '/home/qba/git/afb-libafb/tis/build/check/CMakeFiles/CMakeTmp'



Determining size of unsigned long long passed with the following output:
Change Dir: /home/qba/git/afb-libafb/tis/build/check/CMakeFiles/CMakeTmp

Run Build Command(s):/usr/bin/make -f Makefile cmTC_e28af/fast && /usr/bin/make  -f CMakeFiles/cmTC_e28af.dir/build.make CMakeFiles/cmTC_e28af.dir/build
make[1]: Entering directory '/home/qba/git/afb-libafb/tis/build/check/CMakeFiles/CMakeTmp'
Building C object CMakeFiles/cmTC_e28af.dir/SIZE_OF_UNSIGNED_LONG_LONG.c.o
/usr/bin/cc   -std=gnu99 -o CMakeFiles/cmTC_e28af.dir/SIZE_OF_UNSIGNED_LONG_LONG.c.o -c /home/qba/git/afb-libafb/tis/build/check/CMakeFiles/CheckTypeSize/SIZE_OF_UNSIGNED_LONG_LONG.c
Linking C executable cmTC_e28af
/usr/local/bin/cmake -E cmake_link_script CMakeFiles/cmTC_e28af.dir/link.txt --verbose=1
/usr/bin/cc CMakeFiles/cmTC_e28af.dir/SIZE_OF_UNSIGNED_LONG_LONG.c.o -o cmTC_e28af 
make[1]: Leaving directory '/home/qba/git/afb-libafb/tis/build/check/CMakeFiles/CMakeTmp'



Determining size of int16_t passed with the following output:
Change Dir: /home/qba/git/afb-libafb/tis/build/check/CMakeFiles/CMakeTmp

Run Build Command(s):/usr/bin/make -f Makefile cmTC_67ba2/fast && /usr/bin/make  -f CMakeFiles/cmTC_67ba2.dir/build.make CMakeFiles/cmTC_67ba2.dir/build
make[1]: Entering directory '/home/qba/git/afb-libafb/tis/build/check/CMakeFiles/CMakeTmp'
Building C object CMakeFiles/cmTC_67ba2.dir/INT16_T.c.o
/usr/bin/cc   -std=gnu99 -o CMakeFiles/cmTC_67ba2.dir/INT16_T.c.o -c /home/qba/git/afb-libafb/tis/build/check/CMakeFiles/CheckTypeSize/INT16_T.c
Linking C executable cmTC_67ba2
/usr/local/bin/cmake -E cmake_link_script CMakeFiles/cmTC_67ba2.dir/link.txt --verbose=1
/usr/bin/cc CMakeFiles/cmTC_67ba2.dir/INT16_T.c.o -o cmTC_67ba2 
make[1]: Leaving directory '/home/qba/git/afb-libafb/tis/build/check/CMakeFiles/CMakeTmp'



Determining size of int32_t passed with the following output:
Change Dir: /home/qba/git/afb-libafb/tis/build/check/CMakeFiles/CMakeTmp

Run Build Command(s):/usr/bin/make -f Makefile cmTC_95de0/fast && /usr/bin/make  -f CMakeFiles/cmTC_95de0.dir/build.make CMakeFiles/cmTC_95de0.dir/build
make[1]: Entering directory '/home/qba/git/afb-libafb/tis/build/check/CMakeFiles/CMakeTmp'
Building C object CMakeFiles/cmTC_95de0.dir/INT32_T.c.o
/usr/bin/cc   -std=gnu99 -o CMakeFiles/cmTC_95de0.dir/INT32_T.c.o -c /home/qba/git/afb-libafb/tis/build/check/CMakeFiles/CheckTypeSize/INT32_T.c
Linking C executable cmTC_95de0
/usr/local/bin/cmake -E cmake_link_script CMakeFiles/cmTC_95de0.dir/link.txt --verbose=1
/usr/bin/cc CMakeFiles/cmTC_95de0.dir/INT32_T.c.o -o cmTC_95de0 
make[1]: Leaving directory '/home/qba/git/afb-libafb/tis/build/check/CMakeFiles/CMakeTmp'



Determining size of int64_t passed with the following output:
Change Dir: /home/qba/git/afb-libafb/tis/build/check/CMakeFiles/CMakeTmp

Run Build Command(s):/usr/bin/make -f Makefile cmTC_002f3/fast && /usr/bin/make  -f CMakeFiles/cmTC_002f3.dir/build.make CMakeFiles/cmTC_002f3.dir/build
make[1]: Entering directory '/home/qba/git/afb-libafb/tis/build/check/CMakeFiles/CMakeTmp'
Building C object CMakeFiles/cmTC_002f3.dir/INT64_T.c.o
/usr/bin/cc   -std=gnu99 -o CMakeFiles/cmTC_002f3.dir/INT64_T.c.o -c /home/qba/git/afb-libafb/tis/build/check/CMakeFiles/CheckTypeSize/INT64_T.c
Linking C executable cmTC_002f3
/usr/local/bin/cmake -E cmake_link_script CMakeFiles/cmTC_002f3.dir/link.txt --verbose=1
/usr/bin/cc CMakeFiles/cmTC_002f3.dir/INT64_T.c.o -o cmTC_002f3 
make[1]: Leaving directory '/home/qba/git/afb-libafb/tis/build/check/CMakeFiles/CMakeTmp'



Determining size of intmax_t passed with the following output:
Change Dir: /home/qba/git/afb-libafb/tis/build/check/CMakeFiles/CMakeTmp

Run Build Command(s):/usr/bin/make -f Makefile cmTC_86e8d/fast && /usr/bin/make  -f CMakeFiles/cmTC_86e8d.dir/build.make CMakeFiles/cmTC_86e8d.dir/build
make[1]: Entering directory '/home/qba/git/afb-libafb/tis/build/check/CMakeFiles/CMakeTmp'
Building C object CMakeFiles/cmTC_86e8d.dir/INTMAX_T.c.o
/usr/bin/cc   -std=gnu99 -o CMakeFiles/cmTC_86e8d.dir/INTMAX_T.c.o -c /home/qba/git/afb-libafb/tis/build/check/CMakeFiles/CheckTypeSize/INTMAX_T.c
Linking C executable cmTC_86e8d
/usr/local/bin/cmake -E cmake_link_script CMakeFiles/cmTC_86e8d.dir/link.txt --verbose=1
/usr/bin/cc CMakeFiles/cmTC_86e8d.dir/INTMAX_T.c.o -o cmTC_86e8d 
make[1]: Leaving directory '/home/qba/git/afb-libafb/tis/build/check/CMakeFiles/CMakeTmp'



Determining size of uint8_t passed with the following output:
Change Dir: /home/qba/git/afb-libafb/tis/build/check/CMakeFiles/CMakeTmp

Run Build Command(s):/usr/bin/make -f Makefile cmTC_afc4e/fast && /usr/bin/make  -f CMakeFiles/cmTC_afc4e.dir/build.make CMakeFiles/cmTC_afc4e.dir/build
make[1]: Entering directory '/home/qba/git/afb-libafb/tis/build/check/CMakeFiles/CMakeTmp'
Building C object CMakeFiles/cmTC_afc4e.dir/UINT8_T.c.o
/usr/bin/cc   -std=gnu99 -o CMakeFiles/cmTC_afc4e.dir/UINT8_T.c.o -c /home/qba/git/afb-libafb/tis/build/check/CMakeFiles/CheckTypeSize/UINT8_T.c
Linking C executable cmTC_afc4e
/usr/local/bin/cmake -E cmake_link_script CMakeFiles/cmTC_afc4e.dir/link.txt --verbose=1
/usr/bin/cc CMakeFiles/cmTC_afc4e.dir/UINT8_T.c.o -o cmTC_afc4e 
make[1]: Leaving directory '/home/qba/git/afb-libafb/tis/build/check/CMakeFiles/CMakeTmp'



Determining size of uint16_t passed with the following output:
Change Dir: /home/qba/git/afb-libafb/tis/build/check/CMakeFiles/CMakeTmp

Run Build Command(s):/usr/bin/make -f Makefile cmTC_d1614/fast && /usr/bin/make  -f CMakeFiles/cmTC_d1614.dir/build.make CMakeFiles/cmTC_d1614.dir/build
make[1]: Entering directory '/home/qba/git/afb-libafb/tis/build/check/CMakeFiles/CMakeTmp'
Building C object CMakeFiles/cmTC_d1614.dir/UINT16_T.c.o
/usr/bin/cc   -std=gnu99 -o CMakeFiles/cmTC_d1614.dir/UINT16_T.c.o -c /home/qba/git/afb-libafb/tis/build/check/CMakeFiles/CheckTypeSize/UINT16_T.c
Linking C executable cmTC_d1614
/usr/local/bin/cmake -E cmake_link_script CMakeFiles/cmTC_d1614.dir/link.txt --verbose=1
/usr/bin/cc CMakeFiles/cmTC_d1614.dir/UINT16_T.c.o -o cmTC_d1614 
make[1]: Leaving directory '/home/qba/git/afb-libafb/tis/build/check/CMakeFiles/CMakeTmp'



Determining size of uint32_t passed with the following output:
Change Dir: /home/qba/git/afb-libafb/tis/build/check/CMakeFiles/CMakeTmp

Run Build Command(s):/usr/bin/make -f Makefile cmTC_0d461/fast && /usr/bin/make  -f CMakeFiles/cmTC_0d461.dir/build.make CMakeFiles/cmTC_0d461.dir/build
make[1]: Entering directory '/home/qba/git/afb-libafb/tis/build/check/CMakeFiles/CMakeTmp'
Building C object CMakeFiles/cmTC_0d461.dir/UINT32_T.c.o
/usr/bin/cc   -std=gnu99 -o CMakeFiles/cmTC_0d461.dir/UINT32_T.c.o -c /home/qba/git/afb-libafb/tis/build/check/CMakeFiles/CheckTypeSize/UINT32_T.c
Linking C executable cmTC_0d461
/usr/local/bin/cmake -E cmake_link_script CMakeFiles/cmTC_0d461.dir/link.txt --verbose=1
/usr/bin/cc CMakeFiles/cmTC_0d461.dir/UINT32_T.c.o -o cmTC_0d461 
make[1]: Leaving directory '/home/qba/git/afb-libafb/tis/build/check/CMakeFiles/CMakeTmp'



Determining size of uint64_t passed with the following output:
Change Dir: /home/qba/git/afb-libafb/tis/build/check/CMakeFiles/CMakeTmp

Run Build Command(s):/usr/bin/make -f Makefile cmTC_da2b9/fast && /usr/bin/make  -f CMakeFiles/cmTC_da2b9.dir/build.make CMakeFiles/cmTC_da2b9.dir/build
make[1]: Entering directory '/home/qba/git/afb-libafb/tis/build/check/CMakeFiles/CMakeTmp'
Building C object CMakeFiles/cmTC_da2b9.dir/UINT64_T.c.o
/usr/bin/cc   -std=gnu99 -o CMakeFiles/cmTC_da2b9.dir/UINT64_T.c.o -c /home/qba/git/afb-libafb/tis/build/check/CMakeFiles/CheckTypeSize/UINT64_T.c
Linking C executable cmTC_da2b9
/usr/local/bin/cmake -E cmake_link_script CMakeFiles/cmTC_da2b9.dir/link.txt --verbose=1
/usr/bin/cc CMakeFiles/cmTC_da2b9.dir/UINT64_T.c.o -o cmTC_da2b9 
make[1]: Leaving directory '/home/qba/git/afb-libafb/tis/build/check/CMakeFiles/CMakeTmp'



Determining size of uintmax_t passed with the following output:
Change Dir: /home/qba/git/afb-libafb/tis/build/check/CMakeFiles/CMakeTmp

Run Build Command(s):/usr/bin/make -f Makefile cmTC_73307/fast && /usr/bin/make  -f CMakeFiles/cmTC_73307.dir/build.make CMakeFiles/cmTC_73307.dir/build
make[1]: Entering directory '/home/qba/git/afb-libafb/tis/build/check/CMakeFiles/CMakeTmp'
Building C object CMakeFiles/cmTC_73307.dir/UINTMAX_T.c.o
/usr/bin/cc   -std=gnu99 -o CMakeFiles/cmTC_73307.dir/UINTMAX_T.c.o -c /home/qba/git/afb-libafb/tis/build/check/CMakeFiles/CheckTypeSize/UINTMAX_T.c
Linking C executable cmTC_73307
/usr/local/bin/cmake -E cmake_link_script CMakeFiles/cmTC_73307.dir/link.txt --verbose=1
/usr/bin/cc CMakeFiles/cmTC_73307.dir/UINTMAX_T.c.o -o cmTC_73307 
make[1]: Leaving directory '/home/qba/git/afb-libafb/tis/build/check/CMakeFiles/CMakeTmp'



Determining size of clock_t passed with the following output:
Change Dir: /home/qba/git/afb-libafb/tis/build/check/CMakeFiles/CMakeTmp

Run Build Command(s):/usr/bin/make -f Makefile cmTC_6228e/fast && /usr/bin/make  -f CMakeFiles/cmTC_6228e.dir/build.make CMakeFiles/cmTC_6228e.dir/build
make[1]: Entering directory '/home/qba/git/afb-libafb/tis/build/check/CMakeFiles/CMakeTmp'
Building C object CMakeFiles/cmTC_6228e.dir/CLOCK_T.c.o
/usr/bin/cc   -std=gnu99 -o CMakeFiles/cmTC_6228e.dir/CLOCK_T.c.o -c /home/qba/git/afb-libafb/tis/build/check/CMakeFiles/CheckTypeSize/CLOCK_T.c
Linking C executable cmTC_6228e
/usr/local/bin/cmake -E cmake_link_script CMakeFiles/cmTC_6228e.dir/link.txt --verbose=1
/usr/bin/cc CMakeFiles/cmTC_6228e.dir/CLOCK_T.c.o -o cmTC_6228e 
make[1]: Leaving directory '/home/qba/git/afb-libafb/tis/build/check/CMakeFiles/CMakeTmp'



Determining size of clockid_t passed with the following output:
Change Dir: /home/qba/git/afb-libafb/tis/build/check/CMakeFiles/CMakeTmp

Run Build Command(s):/usr/bin/make -f Makefile cmTC_de5a6/fast && /usr/bin/make  -f CMakeFiles/cmTC_de5a6.dir/build.make CMakeFiles/cmTC_de5a6.dir/build
make[1]: Entering directory '/home/qba/git/afb-libafb/tis/build/check/CMakeFiles/CMakeTmp'
Building C object CMakeFiles/cmTC_de5a6.dir/CLOCKID_T.c.o
/usr/bin/cc   -std=gnu99 -o CMakeFiles/cmTC_de5a6.dir/CLOCKID_T.c.o -c /home/qba/git/afb-libafb/tis/build/check/CMakeFiles/CheckTypeSize/CLOCKID_T.c
Linking C executable cmTC_de5a6
/usr/local/bin/cmake -E cmake_link_script CMakeFiles/cmTC_de5a6.dir/link.txt --verbose=1
/usr/bin/cc CMakeFiles/cmTC_de5a6.dir/CLOCKID_T.c.o -o cmTC_de5a6 
make[1]: Leaving directory '/home/qba/git/afb-libafb/tis/build/check/CMakeFiles/CMakeTmp'



Determining size of size_t passed with the following output:
Change Dir: /home/qba/git/afb-libafb/tis/build/check/CMakeFiles/CMakeTmp

Run Build Command(s):/usr/bin/make -f Makefile cmTC_e645b/fast && /usr/bin/make  -f CMakeFiles/cmTC_e645b.dir/build.make CMakeFiles/cmTC_e645b.dir/build
make[1]: Entering directory '/home/qba/git/afb-libafb/tis/build/check/CMakeFiles/CMakeTmp'
Building C object CMakeFiles/cmTC_e645b.dir/SIZE_T.c.o
/usr/bin/cc   -std=gnu99 -o CMakeFiles/cmTC_e645b.dir/SIZE_T.c.o -c /home/qba/git/afb-libafb/tis/build/check/CMakeFiles/CheckTypeSize/SIZE_T.c
Linking C executable cmTC_e645b
/usr/local/bin/cmake -E cmake_link_script CMakeFiles/cmTC_e645b.dir/link.txt --verbose=1
/usr/bin/cc CMakeFiles/cmTC_e645b.dir/SIZE_T.c.o -o cmTC_e645b 
make[1]: Leaving directory '/home/qba/git/afb-libafb/tis/build/check/CMakeFiles/CMakeTmp'



Determining size of ssize_t passed with the following output:
Change Dir: /home/qba/git/afb-libafb/tis/build/check/CMakeFiles/CMakeTmp

Run Build Command(s):/usr/bin/make -f Makefile cmTC_2fc22/fast && /usr/bin/make  -f CMakeFiles/cmTC_2fc22.dir/build.make CMakeFiles/cmTC_2fc22.dir/build
make[1]: Entering directory '/home/qba/git/afb-libafb/tis/build/check/CMakeFiles/CMakeTmp'
Building C object CMakeFiles/cmTC_2fc22.dir/SSIZE_T.c.o
/usr/bin/cc   -std=gnu99 -o CMakeFiles/cmTC_2fc22.dir/SSIZE_T.c.o -c /home/qba/git/afb-libafb/tis/build/check/CMakeFiles/CheckTypeSize/SSIZE_T.c
Linking C executable cmTC_2fc22
/usr/local/bin/cmake -E cmake_link_script CMakeFiles/cmTC_2fc22.dir/link.txt --verbose=1
/usr/bin/cc CMakeFiles/cmTC_2fc22.dir/SSIZE_T.c.o -o cmTC_2fc22 
make[1]: Leaving directory '/home/qba/git/afb-libafb/tis/build/check/CMakeFiles/CMakeTmp'



Determining size of pid_t passed with the following output:
Change Dir: /home/qba/git/afb-libafb/tis/build/check/CMakeFiles/CMakeTmp

Run Build Command(s):/usr/bin/make -f Makefile cmTC_9676a/fast && /usr/bin/make  -f CMakeFiles/cmTC_9676a.dir/build.make CMakeFiles/cmTC_9676a.dir/build
make[1]: Entering directory '/home/qba/git/afb-libafb/tis/build/check/CMakeFiles/CMakeTmp'
Building C object CMakeFiles/cmTC_9676a.dir/PID_T.c.o
/usr/bin/cc   -std=gnu99 -o CMakeFiles/cmTC_9676a.dir/PID_T.c.o -c /home/qba/git/afb-libafb/tis/build/check/CMakeFiles/CheckTypeSize/PID_T.c
Linking C executable cmTC_9676a
/usr/local/bin/cmake -E cmake_link_script CMakeFiles/cmTC_9676a.dir/link.txt --verbose=1
/usr/bin/cc CMakeFiles/cmTC_9676a.dir/PID_T.c.o -o cmTC_9676a 
make[1]: Leaving directory '/home/qba/git/afb-libafb/tis/build/check/CMakeFiles/CMakeTmp'



Determining size of timer_t passed with the following output:
Change Dir: /home/qba/git/afb-libafb/tis/build/check/CMakeFiles/CMakeTmp

Run Build Command(s):/usr/bin/make -f Makefile cmTC_00f99/fast && /usr/bin/make  -f CMakeFiles/cmTC_00f99.dir/build.make CMakeFiles/cmTC_00f99.dir/build
make[1]: Entering directory '/home/qba/git/afb-libafb/tis/build/check/CMakeFiles/CMakeTmp'
Building C object CMakeFiles/cmTC_00f99.dir/TIMER_T.c.o
/usr/bin/cc   -std=gnu99 -o CMakeFiles/cmTC_00f99.dir/TIMER_T.c.o -c /home/qba/git/afb-libafb/tis/build/check/CMakeFiles/CheckTypeSize/TIMER_T.c
Linking C executable cmTC_00f99
/usr/local/bin/cmake -E cmake_link_script CMakeFiles/cmTC_00f99.dir/link.txt --verbose=1
/usr/bin/cc CMakeFiles/cmTC_00f99.dir/TIMER_T.c.o -o cmTC_00f99 
make[1]: Leaving directory '/home/qba/git/afb-libafb/tis/build/check/CMakeFiles/CMakeTmp'



Determining if the function floor exists in the m passed with the following output:
Change Dir: /home/qba/git/afb-libafb/tis/build/check/CMakeFiles/CMakeTmp

Run Build Command(s):/usr/bin/make -f Makefile cmTC_db341/fast && /usr/bin/make  -f CMakeFiles/cmTC_db341.dir/build.make CMakeFiles/cmTC_db341.dir/build
make[1]: Entering directory '/home/qba/git/afb-libafb/tis/build/check/CMakeFiles/CMakeTmp'
Building C object CMakeFiles/cmTC_db341.dir/CheckFunctionExists.c.o
/usr/bin/cc   -DCHECK_FUNCTION_EXISTS=floor -std=gnu99 -o CMakeFiles/cmTC_db341.dir/CheckFunctionExists.c.o -c /usr/local/share/cmake-3.20/Modules/CheckFunctionExists.c
<command-line>:0:23: warning: conflicting types for built-in function ‘floor’ [-Wbuiltin-declaration-mismatch]
/usr/local/share/cmake-3.20/Modules/CheckFunctionExists.c:7:3: note: in expansion of macro ‘CHECK_FUNCTION_EXISTS’
   CHECK_FUNCTION_EXISTS(void);
   ^~~~~~~~~~~~~~~~~~~~~
Linking C executable cmTC_db341
/usr/local/bin/cmake -E cmake_link_script CMakeFiles/cmTC_db341.dir/link.txt --verbose=1
/usr/bin/cc  -DCHECK_FUNCTION_EXISTS=floor CMakeFiles/cmTC_db341.dir/CheckFunctionExists.c.o -o cmTC_db341  -lm 
make[1]: Leaving directory '/home/qba/git/afb-libafb/tis/build/check/CMakeFiles/CMakeTmp'



Determining if the function clock_gettime exists in the rt passed with the following output:
Change Dir: /home/qba/git/afb-libafb/tis/build/check/CMakeFiles/CMakeTmp

Run Build Command(s):/usr/bin/make -f Makefile cmTC_a0a5a/fast && /usr/bin/make  -f CMakeFiles/cmTC_a0a5a.dir/build.make CMakeFiles/cmTC_a0a5a.dir/build
make[1]: Entering directory '/home/qba/git/afb-libafb/tis/build/check/CMakeFiles/CMakeTmp'
Building C object CMakeFiles/cmTC_a0a5a.dir/CheckFunctionExists.c.o
/usr/bin/cc   -DCHECK_FUNCTION_EXISTS=clock_gettime -std=gnu99 -o CMakeFiles/cmTC_a0a5a.dir/CheckFunctionExists.c.o -c /usr/local/share/cmake-3.20/Modules/CheckFunctionExists.c
Linking C executable cmTC_a0a5a
/usr/local/bin/cmake -E cmake_link_script CMakeFiles/cmTC_a0a5a.dir/link.txt --verbose=1
/usr/bin/cc  -DCHECK_FUNCTION_EXISTS=clock_gettime CMakeFiles/cmTC_a0a5a.dir/CheckFunctionExists.c.o -o cmTC_a0a5a  -lrt 
make[1]: Leaving directory '/home/qba/git/afb-libafb/tis/build/check/CMakeFiles/CMakeTmp'



